Sun Feb 01 10:04:51 2009
	====刷磁盘开始====
Sun Feb 01 10:04:51 2009
	ERROR 拷贝C:\Program Files\PCAuto6\Project\x\DB\dat\HISTORY.MGR到C:\Program Files\PCAuto6\Project\x\DB\dat\HISTORYback.MGR失败!
Sun Feb 01 10:04:51 2009
	ERROR 拷贝C:\Program Files\PCAuto6\Project\x\DB\dat\FcHisTagId.Inx到C:\Program Files\PCAuto6\Project\x\DB\dat\FcHisTagIdback.Inx失败!
Sun Feb 01 10:04:51 2009
	同步数据文件[0/5]C:\Program Files\PCAuto6\Project\x\DB\dat\HISTORY.MGR成功。
Sun Feb 01 10:04:51 2009
	同步数据文件[1/5]C:\Program Files\PCAuto6\Project\x\DB\dat\HISTORY.MGR成功。
Sun Feb 01 10:04:51 2009
	同步数据文件[2/5]C:\Program Files\PCAuto6\Project\x\DB\dat\HISTORY.MGR成功。
Sun Feb 01 10:04:51 2009
	同步数据文件[3/5]C:\Program Files\PCAuto6\Project\x\DB\dat\HISTORY.MGR成功。
Sun Feb 01 10:04:51 2009
	同步数据文件[4/5]C:\Program Files\PCAuto6\Project\x\DB\dat\HISTORY.MGR成功。
Sun Feb 01 10:04:51 2009
	====刷磁盘结束====
Sun Feb 01 10:25:09 2009
	====刷磁盘开始====
Sun Feb 01 10:25:09 2009
	拷贝C:\Program Files\PCAuto6\Project\x\DB\dat\HISTORY.MGR到C:\Program Files\PCAuto6\Project\x\DB\dat\HISTORYback.MGR成功。
Sun Feb 01 10:25:09 2009
	ERROR 拷贝C:\Program Files\PCAuto6\Project\x\DB\dat\FcHisTagId.Inx到C:\Program Files\PCAuto6\Project\x\DB\dat\FcHisTagIdback.Inx失败!
Sun Feb 01 10:25:09 2009
	====刷磁盘结束====
Sun Feb 01 10:30:10 2009
	====刷磁盘开始====
Sun Feb 01 10:30:10 2009
	拷贝C:\Program Files\PCAuto6\Project\x\DB\dat\HISTORY.MGR到C:\Program Files\PCAuto6\Project\x\DB\dat\HISTORYback.MGR成功。
Sun Feb 01 10:30:10 2009
	ERROR 拷贝C:\Program Files\PCAuto6\Project\x\DB\dat\FcHisTagId.Inx到C:\Program Files\PCAuto6\Project\x\DB\dat\FcHisTagIdback.Inx失败!
Sun Feb 01 10:30:10 2009
	====刷磁盘结束====
Sun Feb 01 10:35:11 2009
	====刷磁盘开始====
Sun Feb 01 10:35:11 2009
	拷贝C:\Program Files\PCAuto6\Project\x\DB\dat\HISTORY.MGR到C:\Program Files\PCAuto6\Project\x\DB\dat\HISTORYback.MGR成功。
Sun Feb 01 10:35:11 2009
	ERROR 拷贝C:\Program Files\PCAuto6\Project\x\DB\dat\FcHisTagId.Inx到C:\Program Files\PCAuto6\Project\x\DB\dat\FcHisTagIdback.Inx失败!
Sun Feb 01 10:35:11 2009
	====刷磁盘结束====
Sun Feb 01 10:44:23 2009
	====刷磁盘开始====
Sun Feb 01 10:44:23 2009
	拷贝C:\Program Files\PCAuto6\Project\x\DB\dat\HISTORY.MGR到C:\Program Files\PCAuto6\Project\x\DB\dat\HISTORYback.MGR成功。
Sun Feb 01 10:44:23 2009
	ERROR 拷贝C:\Program Files\PCAuto6\Project\x\DB\dat\FcHisTagId.Inx到C:\Program Files\PCAuto6\Project\x\DB\dat\FcHisTagIdback.Inx失败!
Sun Feb 01 10:44:23 2009
	====刷磁盘结束====
Sun Feb 01 10:49:24 2009
	====刷磁盘开始====
Sun Feb 01 10:49:24 2009
	拷贝C:\Program Files\PCAuto6\Project\x\DB\dat\HISTORY.MGR到C:\Program Files\PCAuto6\Project\x\DB\dat\HISTORYback.MGR成功。
Sun Feb 01 10:49:24 2009
	ERROR 拷贝C:\Program Files\PCAuto6\Project\x\DB\dat\FcHisTagId.Inx到C:\Program Files\PCAuto6\Project\x\DB\dat\FcHisTagIdback.Inx失败!
Sun Feb 01 10:49:24 2009
	====刷磁盘结束====
Sun Feb 01 10:54:25 2009
	====刷磁盘开始====
Sun Feb 01 10:54:25 2009
	拷贝C:\Program Files\PCAuto6\Project\x\DB\dat\HISTORY.MGR到C:\Program Files\PCAuto6\Project\x\DB\dat\HISTORYback.MGR成功。
Sun Feb 01 10:54:25 2009
	ERROR 拷贝C:\Program Files\PCAuto6\Project\x\DB\dat\FcHisTagId.Inx到C:\Program Files\PCAuto6\Project\x\DB\dat\FcHisTagIdback.Inx失败!
Sun Feb 01 10:54:25 2009
	====刷磁盘结束====
Sun Feb 01 10:59:26 2009
	====刷磁盘开始====
Sun Feb 01 10:59:26 2009
	拷贝C:\Program Files\PCAuto6\Project\x\DB\dat\HISTORY.MGR到C:\Program Files\PCAuto6\Project\x\DB\dat\HISTORYback.MGR成功。
Sun Feb 01 10:59:26 2009
	ERROR 拷贝C:\Program Files\PCAuto6\Project\x\DB\dat\FcHisTagId.Inx到C:\Program Files\PCAuto6\Project\x\DB\dat\FcHisTagIdback.Inx失败!
Sun Feb 01 10:59:26 2009
	====刷磁盘结束====
Sun Feb 01 11:04:27 2009
	====刷磁盘开始====
Sun Feb 01 11:04:27 2009
	拷贝C:\Program Files\PCAuto6\Project\x\DB\dat\HISTORY.MGR到C:\Program Files\PCAuto6\Project\x\DB\dat\HISTORYback.MGR成功。
Sun Feb 01 11:04:27 2009
	ERROR 拷贝C:\Program Files\PCAuto6\Project\x\DB\dat\FcHisTagId.Inx到C:\Program Files\PCAuto6\Project\x\DB\dat\FcHisTagIdback.Inx失败!
Sun Feb 01 11:04:27 2009
	====刷磁盘结束====
Sun Feb 01 11:09:28 2009
	====刷磁盘开始====
Sun Feb 01 11:09:28 2009
	拷贝C:\Program Files\PCAuto6\Project\x\DB\dat\HISTORY.MGR到C:\Program Files\PCAuto6\Project\x\DB\dat\HISTORYback.MGR成功。
Sun Feb 01 11:09:28 2009
	ERROR 拷贝C:\Program Files\PCAuto6\Project\x\DB\dat\FcHisTagId.Inx到C:\Program Files\PCAuto6\Project\x\DB\dat\FcHisTagIdback.Inx失败!
Sun Feb 01 11:09:28 2009
	====刷磁盘结束====
Mon Feb 02 10:24:46 2009
	====刷磁盘开始====
Mon Feb 02 10:24:46 2009
	拷贝C:\Program Files\PCAuto6\Project\x\DB\dat\HISTORY.MGR到C:\Program Files\PCAuto6\Project\x\DB\dat\HISTORYback.MGR成功。
Mon Feb 02 10:24:46 2009
	ERROR 拷贝C:\Program Files\PCAuto6\Project\x\DB\dat\FcHisTagId.Inx到C:\Program Files\PCAuto6\Project\x\DB\dat\FcHisTagIdback.Inx失败!
Mon Feb 02 10:24:46 2009
	====刷磁盘结束====
Mon Feb 02 10:29:47 2009
	====刷磁盘开始====
Mon Feb 02 10:29:47 2009
	拷贝C:\Program Files\PCAuto6\Project\x\DB\dat\HISTORY.MGR到C:\Program Files\PCAuto6\Project\x\DB\dat\HISTORYback.MGR成功。
Mon Feb 02 10:29:47 2009
	ERROR 拷贝C:\Program Files\PCAuto6\Project\x\DB\dat\FcHisTagId.Inx到C:\Program Files\PCAuto6\Project\x\DB\dat\FcHisTagIdback.Inx失败!
Mon Feb 02 10:29:47 2009
	====刷磁盘结束====
Mon Feb 02 10:34:48 2009
	====刷磁盘开始====
Mon Feb 02 10:34:48 2009
	拷贝C:\Program Files\PCAuto6\Project\x\DB\dat\HISTORY.MGR到C:\Program Files\PCAuto6\Project\x\DB\dat\HISTORYback.MGR成功。
Mon Feb 02 10:34:48 2009
	ERROR 拷贝C:\Program Files\PCAuto6\Project\x\DB\dat\FcHisTagId.Inx到C:\Program Files\PCAuto6\Project\x\DB\dat\FcHisTagIdback.Inx失败!
Mon Feb 02 10:34:48 2009
	====刷磁盘结束====
Mon Feb 02 10:39:49 2009
	====刷磁盘开始====
Mon Feb 02 10:39:49 2009
	拷贝C:\Program Files\PCAuto6\Project\x\DB\dat\HISTORY.MGR到C:\Program Files\PCAuto6\Project\x\DB\dat\HISTORYback.MGR成功。
Mon Feb 02 10:39:49 2009
	ERROR 拷贝C:\Program Files\PCAuto6\Project\x\DB\dat\FcHisTagId.Inx到C:\Program Files\PCAuto6\Project\x\DB\dat\FcHisTagIdback.Inx失败!
Mon Feb 02 10:39:49 2009
	====刷磁盘结束====
Mon Feb 02 10:44:50 2009
	====刷磁盘开始====
Mon Feb 02 10:44:50 2009
	拷贝C:\Program Files\PCAuto6\Project\x\DB\dat\HISTORY.MGR到C:\Program Files\PCAuto6\Project\x\DB\dat\HISTORYback.MGR成功。
Mon Feb 02 10:44:50 2009
	ERROR 拷贝C:\Program Files\PCAuto6\Project\x\DB\dat\FcHisTagId.Inx到C:\Program Files\PCAuto6\Project\x\DB\dat\FcHisTagIdback.Inx失败!
Mon Feb 02 10:44:50 2009
	====刷磁盘结束====
Mon Feb 02 10:49:51 2009
	====刷磁盘开始====
Mon Feb 02 10:49:51 2009
	拷贝C:\Program Files\PCAuto6\Project\x\DB\dat\HISTORY.MGR到C:\Program Files\PCAuto6\Project\x\DB\dat\HISTORYback.MGR成功。
Mon Feb 02 10:49:51 2009
	ERROR 拷贝C:\Program Files\PCAuto6\Project\x\DB\dat\FcHisTagId.Inx到C:\Program Files\PCAuto6\Project\x\DB\dat\FcHisTagIdback.Inx失败!
Mon Feb 02 10:49:51 2009
	====刷磁盘结束====
Mon Feb 02 10:54:52 2009
	====刷磁盘开始====
Mon Feb 02 10:54:52 2009
	拷贝C:\Program Files\PCAuto6\Project\x\DB\dat\HISTORY.MGR到C:\Program Files\PCAuto6\Project\x\DB\dat\HISTORYback.MGR成功。
Mon Feb 02 10:54:52 2009
	ERROR 拷贝C:\Program Files\PCAuto6\Project\x\DB\dat\FcHisTagId.Inx到C:\Program Files\PCAuto6\Project\x\DB\dat\FcHisTagIdback.Inx失败!
Mon Feb 02 10:54:52 2009
	====刷磁盘结束====
Mon Feb 02 10:59:53 2009
	====刷磁盘开始====
Mon Feb 02 10:59:53 2009
	拷贝C:\Program Files\PCAuto6\Project\x\DB\dat\HISTORY.MGR到C:\Program Files\PCAuto6\Project\x\DB\dat\HISTORYback.MGR成功。
Mon Feb 02 10:59:53 2009
	ERROR 拷贝C:\Program Files\PCAuto6\Project\x\DB\dat\FcHisTagId.Inx到C:\Program Files\PCAuto6\Project\x\DB\dat\FcHisTagIdback.Inx失败!
Mon Feb 02 10:59:53 2009
	====刷磁盘结束====
Mon Feb 02 11:04:54 2009
	====刷磁盘开始====
Mon Feb 02 11:04:54 2009
	拷贝C:\Program Files\PCAuto6\Project\x\DB\dat\HISTORY.MGR到C:\Program Files\PCAuto6\Project\x\DB\dat\HISTORYback.MGR成功。
Mon Feb 02 11:04:54 2009
	ERROR 拷贝C:\Program Files\PCAuto6\Project\x\DB\dat\FcHisTagId.Inx到C:\Program Files\PCAuto6\Project\x\DB\dat\FcHisTagIdback.Inx失败!
Mon Feb 02 11:04:54 2009
	====刷磁盘结束====
Mon Feb 02 11:09:55 2009
	====刷磁盘开始====
Mon Feb 02 11:09:55 2009
	拷贝C:\Program Files\PCAuto6\Project\x\DB\dat\HISTORY.MGR到C:\Program Files\PCAuto6\Project\x\DB\dat\HISTORYback.MGR成功。
Mon Feb 02 11:09:55 2009
	ERROR 拷贝C:\Program Files\PCAuto6\Project\x\DB\dat\FcHisTagId.Inx到C:\Program Files\PCAuto6\Project\x\DB\dat\FcHisTagIdback.Inx失败!
Mon Feb 02 11:09:55 2009
	====刷磁盘结束====
Mon Feb 02 11:14:56 2009
	====刷磁盘开始====
Mon Feb 02 11:14:56 2009
	拷贝C:\Program Files\PCAuto6\Project\x\DB\dat\HISTORY.MGR到C:\Program Files\PCAuto6\Project\x\DB\dat\HISTORYback.MGR成功。
Mon Feb 02 11:14:56 2009
	ERROR 拷贝C:\Program Files\PCAuto6\Project\x\DB\dat\FcHisTagId.Inx到C:\Program Files\PCAuto6\Project\x\DB\dat\FcHisTagIdback.Inx失败!
Mon Feb 02 11:14:56 2009
	====刷磁盘结束====
Mon Feb 02 11:19:57 2009
	====刷磁盘开始====
Mon Feb 02 11:19:57 2009
	拷贝C:\Program Files\PCAuto6\Project\x\DB\dat\HISTORY.MGR到C:\Program Files\PCAuto6\Project\x\DB\dat\HISTORYback.MGR成功。
Mon Feb 02 11:19:57 2009
	ERROR 拷贝C:\Program Files\PCAuto6\Project\x\DB\dat\FcHisTagId.Inx到C:\Program Files\PCAuto6\Project\x\DB\dat\FcHisTagIdback.Inx失败!
Mon Feb 02 11:19:57 2009
	====刷磁盘结束====
Mon Feb 02 14:45:25 2009
	====刷磁盘开始====
Mon Feb 02 14:45:25 2009
	拷贝C:\Program Files\PCAuto6\Project\x\DB\dat\HISTORY.MGR到C:\Program Files\PCAuto6\Project\x\DB\dat\HISTORYback.MGR成功。
Mon Feb 02 14:45:25 2009
	ERROR 拷贝C:\Program Files\PCAuto6\Project\x\DB\dat\FcHisTagId.Inx到C:\Program Files\PCAuto6\Project\x\DB\dat\FcHisTagIdback.Inx失败!
Mon Feb 02 14:45:25 2009
	同步数据文件[0/5]C:\Program Files\PCAuto6\Project\x\DB\dat\HISTORY.MGR成功。
Mon Feb 02 14:45:25 2009
	====刷磁盘结束====
Mon Feb 02 14:50:26 2009
	====刷磁盘开始====
Mon Feb 02 14:50:26 2009
	拷贝C:\Program Files\PCAuto6\Project\x\DB\dat\HISTORY.MGR到C:\Program Files\PCAuto6\Project\x\DB\dat\HISTORYback.MGR成功。
Mon Feb 02 14:50:26 2009
	拷贝C:\Program Files\PCAuto6\Project\x\DB\dat\FcHisTagId.Inx到C:\Program Files\PCAuto6\Project\x\DB\dat\FcHisTagIdback.Inx成功。
Mon Feb 02 14:50:26 2009
	同步数据文件[0/5]C:\Program Files\PCAuto6\Project\x\DB\dat\HISTORY.MGR成功。
Mon Feb 02 14:50:26 2009
	====刷磁盘结束====
Mon Feb 02 16:35:32 2009
	====刷磁盘开始====
Mon Feb 02 16:35:32 2009
	拷贝C:\Program Files\PCAuto6\Project\x\DB\dat\HISTORY.MGR到C:\Program Files\PCAuto6\Project\x\DB\dat\HISTORYback.MGR成功。
Mon Feb 02 16:35:32 2009
	拷贝C:\Program Files\PCAuto6\Project\x\DB\dat\FcHisTagId.Inx到C:\Program Files\PCAuto6\Project\x\DB\dat\FcHisTagIdback.Inx成功。
Mon Feb 02 16:35:32 2009
	同步数据文件[0/5]C:\Program Files\PCAuto6\Project\x\DB\dat\HISTORY.MGR成功。
Mon Feb 02 16:35:32 2009
	====刷磁盘结束====
Mon Feb 02 16:40:33 2009
	====刷磁盘开始====
Mon Feb 02 16:40:33 2009
	拷贝C:\Program Files\PCAuto6\Project\x\DB\dat\HISTORY.MGR到C:\Program Files\PCAuto6\Project\x\DB\dat\HISTORYback.MGR成功。
Mon Feb 02 16:40:33 2009
	拷贝C:\Program Files\PCAuto6\Project\x\DB\dat\FcHisTagId.Inx到C:\Program Files\PCAuto6\Project\x\DB\dat\FcHisTagIdback.Inx成功。
Mon Feb 02 16:40:33 2009
	同步数据文件[0/5]C:\Program Files\PCAuto6\Project\x\DB\dat\HISTORY.MGR成功。
Mon Feb 02 16:40:33 2009
	====刷磁盘结束====
Mon Feb 02 16:45:34 2009
	====刷磁盘开始====
Mon Feb 02 16:45:34 2009
	拷贝C:\Program Files\PCAuto6\Project\x\DB\dat\HISTORY.MGR到C:\Program Files\PCAuto6\Project\x\DB\dat\HISTORYback.MGR成功。
Mon Feb 02 16:45:34 2009
	拷贝C:\Program Files\PCAuto6\Project\x\DB\dat\FcHisTagId.Inx到C:\Program Files\PCAuto6\Project\x\DB\dat\FcHisTagIdback.Inx成功。
Mon Feb 02 16:45:34 2009
	同步数据文件[0/5]C:\Program Files\PCAuto6\Project\x\DB\dat\HISTORY.MGR成功。
Mon Feb 02 16:45:34 2009
	====刷磁盘结束====
Mon Feb 02 16:50:35 2009
	====刷磁盘开始====
Mon Feb 02 16:50:35 2009
	拷贝C:\Program Files\PCAuto6\Project\x\DB\dat\HISTORY.MGR到C:\Program Files\PCAuto6\Project\x\DB\dat\HISTORYback.MGR成功。
Mon Feb 02 16:50:35 2009
	拷贝C:\Program Files\PCAuto6\Project\x\DB\dat\FcHisTagId.Inx到C:\Program Files\PCAuto6\Project\x\DB\dat\FcHisTagIdback.Inx成功。
Mon Feb 02 16:50:35 2009
	同步数据文件[0/5]C:\Program Files\PCAuto6\Project\x\DB\dat\HISTORY.MGR成功。
Mon Feb 02 16:50:35 2009
	====刷磁盘结束====
Mon Feb 02 16:55:36 2009
	====刷磁盘开始====
Mon Feb 02 16:55:36 2009
	拷贝C:\Program Files\PCAuto6\Project\x\DB\dat\HISTORY.MGR到C:\Program Files\PCAuto6\Project\x\DB\dat\HISTORYback.MGR成功。
Mon Feb 02 16:55:36 2009
	拷贝C:\Program Files\PCAuto6\Project\x\DB\dat\FcHisTagId.Inx到C:\Program Files\PCAuto6\Project\x\DB\dat\FcHisTagIdback.Inx成功。
Mon Feb 02 16:55:36 2009
	同步数据文件[0/5]C:\Program Files\PCAuto6\Project\x\DB\dat\HISTORY.MGR成功。
Mon Feb 02 16:55:36 2009
	====刷磁盘结束====
Mon Feb 02 17:00:37 2009
	====刷磁盘开始====
Mon Feb 02 17:00:37 2009
	拷贝C:\Program Files\PCAuto6\Project\x\DB\dat\HISTORY.MGR到C:\Program Files\PCAuto6\Project\x\DB\dat\HISTORYback.MGR成功。
Mon Feb 02 17:00:37 2009
	拷贝C:\Program Files\PCAuto6\Project\x\DB\dat\FcHisTagId.Inx到C:\Program Files\PCAuto6\Project\x\DB\dat\FcHisTagIdback.Inx成功。
Mon Feb 02 17:00:37 2009
	同步数据文件[0/5]C:\Program Files\PCAuto6\Project\x\DB\dat\HISTORY.MGR成功。
Mon Feb 02 17:00:37 2009
	====刷磁盘结束====
Mon Feb 02 17:05:38 2009
	====刷磁盘开始====
Mon Feb 02 17:05:38 2009
	拷贝C:\Program Files\PCAuto6\Project\x\DB\dat\HISTORY.MGR到C:\Program Files\PCAuto6\Project\x\DB\dat\HISTORYback.MGR成功。
Mon Feb 02 17:05:38 2009
	拷贝C:\Program Files\PCAuto6\Project\x\DB\dat\FcHisTagId.Inx到C:\Program Files\PCAuto6\Project\x\DB\dat\FcHisTagIdback.Inx成功。
Mon Feb 02 17:05:38 2009
	同步数据文件[0/5]C:\Program Files\PCAuto6\Project\x\DB\dat\HISTORY.MGR成功。
Mon Feb 02 17:05:38 2009
	====刷磁盘结束====
Mon Feb 02 17:10:39 2009
	====刷磁盘开始====
Mon Feb 02 17:10:39 2009
	拷贝C:\Program Files\PCAuto6\Project\x\DB\dat\HISTORY.MGR到C:\Program Files\PCAuto6\Project\x\DB\dat\HISTORYback.MGR成功。
Mon Feb 02 17:10:39 2009
	拷贝C:\Program Files\PCAuto6\Project\x\DB\dat\FcHisTagId.Inx到C:\Program Files\PCAuto6\Project\x\DB\dat\FcHisTagIdback.Inx成功。
Mon Feb 02 17:10:39 2009
	同步数据文件[0/5]C:\Program Files\PCAuto6\Project\x\DB\dat\HISTORY.MGR成功。
Mon Feb 02 17:10:39 2009
	====刷磁盘结束====
Mon Feb 02 17:15:40 2009
	====刷磁盘开始====
Mon Feb 02 17:15:40 2009
	拷贝C:\Program Files\PCAuto6\Project\x\DB\dat\HISTORY.MGR到C:\Program Files\PCAuto6\Project\x\DB\dat\HISTORYback.MGR成功。
Mon Feb 02 17:15:40 2009
	拷贝C:\Program Files\PCAuto6\Project\x\DB\dat\FcHisTagId.Inx到C:\Program Files\PCAuto6\Project\x\DB\dat\FcHisTagIdback.Inx成功。
Mon Feb 02 17:15:40 2009
	同步数据文件[0/5]C:\Program Files\PCAuto6\Project\x\DB\dat\HISTORY.MGR成功。
Mon Feb 02 17:15:40 2009
	====刷磁盘结束====
Mon Feb 02 17:20:41 2009
	====刷磁盘开始====
Mon Feb 02 17:20:41 2009
	拷贝C:\Program Files\PCAuto6\Project\x\DB\dat\HISTORY.MGR到C:\Program Files\PCAuto6\Project\x\DB\dat\HISTORYback.MGR成功。
Mon Feb 02 17:20:41 2009
	拷贝C:\Program Files\PCAuto6\Project\x\DB\dat\FcHisTagId.Inx到C:\Program Files\PCAuto6\Project\x\DB\dat\FcHisTagIdback.Inx成功。
Mon Feb 02 17:20:41 2009
	同步数据文件[0/5]C:\Program Files\PCAuto6\Project\x\DB\dat\HISTORY.MGR成功。
Mon Feb 02 17:20:41 2009
	====刷磁盘结束====
Tue Feb 03 08:32:33 2009
	====刷磁盘开始====
Tue Feb 03 08:32:33 2009
	拷贝C:\Program Files\PCAuto6\Project\x\DB\dat\HISTORY.MGR到C:\Program Files\PCAuto6\Project\x\DB\dat\HISTORYback.MGR成功。
Tue Feb 03 08:32:33 2009
	拷贝C:\Program Files\PCAuto6\Project\x\DB\dat\FcHisTagId.Inx到C:\Program Files\PCAuto6\Project\x\DB\dat\FcHisTagIdback.Inx成功。
Tue Feb 03 08:32:33 2009
	同步数据文件[0/5]C:\Program Files\PCAuto6\Project\x\DB\dat\HISTORY.MGR成功。
Tue Feb 03 08:32:33 2009
	====刷磁盘结束====
Tue Feb 03 08:37:34 2009
	====刷磁盘开始====
Tue Feb 03 08:37:34 2009
	拷贝C:\Program Files\PCAuto6\Project\x\DB\dat\HISTORY.MGR到C:\Program Files\PCAuto6\Project\x\DB\dat\HISTORYback.MGR成功。
Tue Feb 03 08:37:34 2009
	拷贝C:\Program Files\PCAuto6\Project\x\DB\dat\FcHisTagId.Inx到C:\Program Files\PCAuto6\Project\x\DB\dat\FcHisTagIdback.Inx成功。
Tue Feb 03 08:37:34 2009
	同步数据文件[0/5]C:\Program Files\PCAuto6\Project\x\DB\dat\HISTORY.MGR成功。
Tue Feb 03 08:37:34 2009
	====刷磁盘结束====
Tue Feb 03 08:42:35 2009
	====刷磁盘开始====
Tue Feb 03 08:42:35 2009
	拷贝C:\Program Files\PCAuto6\Project\x\DB\dat\HISTORY.MGR到C:\Program Files\PCAuto6\Project\x\DB\dat\HISTORYback.MGR成功。
Tue Feb 03 08:42:35 2009
	拷贝C:\Program Files\PCAuto6\Project\x\DB\dat\FcHisTagId.Inx到C:\Program Files\PCAuto6\Project\x\DB\dat\FcHisTagIdback.Inx成功。
Tue Feb 03 08:42:35 2009
	同步数据文件[0/5]C:\Program Files\PCAuto6\Project\x\DB\dat\HISTORY.MGR成功。
Tue Feb 03 08:42:35 2009
	====刷磁盘结束====
Tue Feb 03 08:47:36 2009
	====刷磁盘开始====
Tue Feb 03 08:47:36 2009
	拷贝C:\Program Files\PCAuto6\Project\x\DB\dat\HISTORY.MGR到C:\Program Files\PCAuto6\Project\x\DB\dat\HISTORYback.MGR成功。
Tue Feb 03 08:47:36 2009
	拷贝C:\Program Files\PCAuto6\Project\x\DB\dat\FcHisTagId.Inx到C:\Program Files\PCAuto6\Project\x\DB\dat\FcHisTagIdback.Inx成功。
Tue Feb 03 08:47:36 2009
	同步数据文件[0/5]C:\Program Files\PCAuto6\Project\x\DB\dat\HISTORY.MGR成功。
Tue Feb 03 08:47:36 2009
	====刷磁盘结束====
Tue Feb 03 08:52:37 2009
	====刷磁盘开始====
Tue Feb 03 08:52:37 2009
	拷贝C:\Program Files\PCAuto6\Project\x\DB\dat\HISTORY.MGR到C:\Program Files\PCAuto6\Project\x\DB\dat\HISTORYback.MGR成功。
Tue Feb 03 08:52:37 2009
	拷贝C:\Program Files\PCAuto6\Project\x\DB\dat\FcHisTagId.Inx到C:\Program Files\PCAuto6\Project\x\DB\dat\FcHisTagIdback.Inx成功。
Tue Feb 03 08:52:37 2009
	同步数据文件[0/5]C:\Program Files\PCAuto6\Project\x\DB\dat\HISTORY.MGR成功。
Tue Feb 03 08:52:37 2009
	====刷磁盘结束====
Tue Feb 03 08:57:38 2009
	====刷磁盘开始====
Tue Feb 03 08:57:38 2009
	拷贝C:\Program Files\PCAuto6\Project\x\DB\dat\HISTORY.MGR到C:\Program Files\PCAuto6\Project\x\DB\dat\HISTORYback.MGR成功。
Tue Feb 03 08:57:38 2009
	拷贝C:\Program Files\PCAuto6\Project\x\DB\dat\FcHisTagId.Inx到C:\Program Files\PCAuto6\Project\x\DB\dat\FcHisTagIdback.Inx成功。
Tue Feb 03 08:57:38 2009
	同步数据文件[0/5]C:\Program Files\PCAuto6\Project\x\DB\dat\HISTORY.MGR成功。
Tue Feb 03 08:57:38 2009
	====刷磁盘结束====
Tue Feb 03 09:02:39 2009
	====刷磁盘开始====
Tue Feb 03 09:02:39 2009
	拷贝C:\Program Files\PCAuto6\Project\x\DB\dat\HISTORY.MGR到C:\Program Files\PCAuto6\Project\x\DB\dat\HISTORYback.MGR成功。
Tue Feb 03 09:02:39 2009
	拷贝C:\Program Files\PCAuto6\Project\x\DB\dat\FcHisTagId.Inx到C:\Program Files\PCAuto6\Project\x\DB\dat\FcHisTagIdback.Inx成功。
Tue Feb 03 09:02:39 2009
	同步数据文件[0/5]C:\Program Files\PCAuto6\Project\x\DB\dat\HISTORY.MGR成功。
Tue Feb 03 09:02:39 2009
	====刷磁盘结束====
Tue Feb 03 09:07:40 2009
	====刷磁盘开始====
Tue Feb 03 09:07:40 2009
	拷贝C:\Program Files\PCAuto6\Project\x\DB\dat\HISTORY.MGR到C:\Program Files\PCAuto6\Project\x\DB\dat\HISTORYback.MGR成功。
Tue Feb 03 09:07:40 2009
	拷贝C:\Program Files\PCAuto6\Project\x\DB\dat\FcHisTagId.Inx到C:\Program Files\PCAuto6\Project\x\DB\dat\FcHisTagIdback.Inx成功。
Tue Feb 03 09:07:40 2009
	同步数据文件[0/5]C:\Program Files\PCAuto6\Project\x\DB\dat\HISTORY.MGR成功。
Tue Feb 03 09:07:40 2009
	====刷磁盘结束====
Tue Feb 03 09:12:41 2009
	====刷磁盘开始====
Tue Feb 03 09:12:41 2009
	拷贝C:\Program Files\PCAuto6\Project\x\DB\dat\HISTORY.MGR到C:\Program Files\PCAuto6\Project\x\DB\dat\HISTORYback.MGR成功。
Tue Feb 03 09:12:41 2009
	拷贝C:\Program Files\PCAuto6\Project\x\DB\dat\FcHisTagId.Inx到C:\Program Files\PCAuto6\Project\x\DB\dat\FcHisTagIdback.Inx成功。
Tue Feb 03 09:12:41 2009
	同步数据文件[0/5]C:\Program Files\PCAuto6\Project\x\DB\dat\HISTORY.MGR成功。
Tue Feb 03 09:12:41 2009
	====刷磁盘结束====
Tue Feb 03 09:17:42 2009
	====刷磁盘开始====
Tue Feb 03 09:17:42 2009
	拷贝C:\Program Files\PCAuto6\Project\x\DB\dat\HISTORY.MGR到C:\Program Files\PCAuto6\Project\x\DB\dat\HISTORYback.MGR成功。
Tue Feb 03 09:17:42 2009
	拷贝C:\Program Files\PCAuto6\Project\x\DB\dat\FcHisTagId.Inx到C:\Program Files\PCAuto6\Project\x\DB\dat\FcHisTagIdback.Inx成功。
Tue Feb 03 09:17:42 2009
	同步数据文件[0/5]C:\Program Files\PCAuto6\Project\x\DB\dat\HISTORY.MGR成功。
Tue Feb 03 09:17:42 2009
	====刷磁盘结束====
Tue Feb 03 09:39:29 2009
	====刷磁盘开始====
Tue Feb 03 09:39:29 2009
	拷贝C:\Program Files\PCAuto6\Project\x\DB\dat\HISTORY.MGR到C:\Program Files\PCAuto6\Project\x\DB\dat\HISTORYback.MGR成功。
Tue Feb 03 09:39:29 2009
	拷贝C:\Program Files\PCAuto6\Project\x\DB\dat\FcHisTagId.Inx到C:\Program Files\PCAuto6\Project\x\DB\dat\FcHisTagIdback.Inx成功。
Tue Feb 03 09:39:29 2009
	同步数据文件[0/5]C:\Program Files\PCAuto6\Project\x\DB\dat\HISTORY.MGR成功。
Tue Feb 03 09:39:29 2009
	====刷磁盘结束====
Tue Feb 03 09:44:30 2009
	====刷磁盘开始====
Tue Feb 03 09:44:30 2009
	拷贝C:\Program Files\PCAuto6\Project\x\DB\dat\HISTORY.MGR到C:\Program Files\PCAuto6\Project\x\DB\dat\HISTORYback.MGR成功。
Tue Feb 03 09:44:30 2009
	拷贝C:\Program Files\PCAuto6\Project\x\DB\dat\FcHisTagId.Inx到C:\Program Files\PCAuto6\Project\x\DB\dat\FcHisTagIdback.Inx成功。
Tue Feb 03 09:44:30 2009
	同步数据文件[0/5]C:\Program Files\PCAuto6\Project\x\DB\dat\HISTORY.MGR成功。
Tue Feb 03 09:44:30 2009
	====刷磁盘结束====
Tue Feb 03 09:49:31 2009
	====刷磁盘开始====
Tue Feb 03 09:49:31 2009
	拷贝C:\Program Files\PCAuto6\Project\x\DB\dat\HISTORY.MGR到C:\Program Files\PCAuto6\Project\x\DB\dat\HISTORYback.MGR成功。
Tue Feb 03 09:49:31 2009
	拷贝C:\Program Files\PCAuto6\Project\x\DB\dat\FcHisTagId.Inx到C:\Program Files\PCAuto6\Project\x\DB\dat\FcHisTagIdback.Inx成功。
Tue Feb 03 09:49:31 2009
	同步数据文件[0/5]C:\Program Files\PCAuto6\Project\x\DB\dat\HISTORY.MGR成功。
Tue Feb 03 09:49:31 2009
	====刷磁盘结束====
Tue Feb 03 10:21:22 2009
	====刷磁盘开始====
Tue Feb 03 10:21:22 2009
	拷贝C:\Program Files\PCAuto6\Project\x\DB\dat\HISTORY.MGR到C:\Program Files\PCAuto6\Project\x\DB\dat\HISTORYback.MGR成功。
Tue Feb 03 10:21:22 2009
	拷贝C:\Program Files\PCAuto6\Project\x\DB\dat\FcHisTagId.Inx到C:\Program Files\PCAuto6\Project\x\DB\dat\FcHisTagIdback.Inx成功。
Tue Feb 03 10:21:22 2009
	同步数据文件[0/5]C:\Program Files\PCAuto6\Project\x\DB\dat\HISTORY.MGR成功。
Tue Feb 03 10:21:22 2009
	====刷磁盘结束====
Tue Feb 03 10:26:23 2009
	====刷磁盘开始====
Tue Feb 03 10:26:23 2009
	拷贝C:\Program Files\PCAuto6\Project\x\DB\dat\HISTORY.MGR到C:\Program Files\PCAuto6\Project\x\DB\dat\HISTORYback.MGR成功。
Tue Feb 03 10:26:23 2009
	拷贝C:\Program Files\PCAuto6\Project\x\DB\dat\FcHisTagId.Inx到C:\Program Files\PCAuto6\Project\x\DB\dat\FcHisTagIdback.Inx成功。
Tue Feb 03 10:26:23 2009
	同步数据文件[0/5]C:\Program Files\PCAuto6\Project\x\DB\dat\HISTORY.MGR成功。
Tue Feb 03 10:26:23 2009
	====刷磁盘结束====
Tue Feb 03 10:31:24 2009
	====刷磁盘开始====
Tue Feb 03 10:31:24 2009
	拷贝C:\Program Files\PCAuto6\Project\x\DB\dat\HISTORY.MGR到C:\Program Files\PCAuto6\Project\x\DB\dat\HISTORYback.MGR成功。
Tue Feb 03 10:31:24 2009
	拷贝C:\Program Files\PCAuto6\Project\x\DB\dat\FcHisTagId.Inx到C:\Program Files\PCAuto6\Project\x\DB\dat\FcHisTagIdback.Inx成功。
Tue Feb 03 10:31:24 2009
	同步数据文件[0/5]C:\Program Files\PCAuto6\Project\x\DB\dat\HISTORY.MGR成功。
Tue Feb 03 10:31:24 2009
	====刷磁盘结束====
Tue Feb 03 10:36:25 2009
	====刷磁盘开始====
Tue Feb 03 10:36:25 2009
	拷贝C:\Program Files\PCAuto6\Project\x\DB\dat\HISTORY.MGR到C:\Program Files\PCAuto6\Project\x\DB\dat\HISTORYback.MGR成功。
Tue Feb 03 10:36:25 2009
	拷贝C:\Program Files\PCAuto6\Project\x\DB\dat\FcHisTagId.Inx到C:\Program Files\PCAuto6\Project\x\DB\dat\FcHisTagIdback.Inx成功。
Tue Feb 03 10:36:25 2009
	同步数据文件[0/5]C:\Program Files\PCAuto6\Project\x\DB\dat\HISTORY.MGR成功。
Tue Feb 03 10:36:25 2009
	====刷磁盘结束====
Tue Feb 03 10:41:26 2009
	====刷磁盘开始====
Tue Feb 03 10:41:26 2009
	拷贝C:\Program Files\PCAuto6\Project\x\DB\dat\HISTORY.MGR到C:\Program Files\PCAuto6\Project\x\DB\dat\HISTORYback.MGR成功。
Tue Feb 03 10:41:26 2009
	拷贝C:\Program Files\PCAuto6\Project\x\DB\dat\FcHisTagId.Inx到C:\Program Files\PCAuto6\Project\x\DB\dat\FcHisTagIdback.Inx成功。
Tue Feb 03 10:41:26 2009
	同步数据文件[0/5]C:\Program Files\PCAuto6\Project\x\DB\dat\HISTORY.MGR成功。
Tue Feb 03 10:41:26 2009
	====刷磁盘结束====
Tue Feb 03 10:46:27 2009
	====刷磁盘开始====
Tue Feb 03 10:46:27 2009
	拷贝C:\Program Files\PCAuto6\Project\x\DB\dat\HISTORY.MGR到C:\Program Files\PCAuto6\Project\x\DB\dat\HISTORYback.MGR成功。
Tue Feb 03 10:46:27 2009
	拷贝C:\Program Files\PCAuto6\Project\x\DB\dat\FcHisTagId.Inx到C:\Program Files\PCAuto6\Project\x\DB\dat\FcHisTagIdback.Inx成功。
Tue Feb 03 10:46:27 2009
	同步数据文件[0/5]C:\Program Files\PCAuto6\Project\x\DB\dat\HISTORY.MGR成功。
Tue Feb 03 10:46:27 2009
	====刷磁盘结束====
Tue Feb 03 10:51:28 2009
	====刷磁盘开始====
Tue Feb 03 10:51:28 2009
	拷贝C:\Program Files\PCAuto6\Project\x\DB\dat\HISTORY.MGR到C:\Program Files\PCAuto6\Project\x\DB\dat\HISTORYback.MGR成功。
Tue Feb 03 10:51:28 2009
	拷贝C:\Program Files\PCAuto6\Project\x\DB\dat\FcHisTagId.Inx到C:\Program Files\PCAuto6\Project\x\DB\dat\FcHisTagIdback.Inx成功。
Tue Feb 03 10:51:28 2009
	同步数据文件[0/5]C:\Program Files\PCAuto6\Project\x\DB\dat\HISTORY.MGR成功。
Tue Feb 03 10:51:28 2009
	====刷磁盘结束====
Tue Feb 03 10:56:29 2009
	====刷磁盘开始====
Tue Feb 03 10:56:29 2009
	拷贝C:\Program Files\PCAuto6\Project\x\DB\dat\HISTORY.MGR到C:\Program Files\PCAuto6\Project\x\DB\dat\HISTORYback.MGR成功。
Tue Feb 03 10:56:29 2009
	拷贝C:\Program Files\PCAuto6\Project\x\DB\dat\FcHisTagId.Inx到C:\Program Files\PCAuto6\Project\x\DB\dat\FcHisTagIdback.Inx成功。
Tue Feb 03 10:56:29 2009
	同步数据文件[0/5]C:\Program Files\PCAuto6\Project\x\DB\dat\HISTORY.MGR成功。
Tue Feb 03 10:56:29 2009
	====刷磁盘结束====
Tue Feb 03 11:01:30 2009
	====刷磁盘开始====
Tue Feb 03 11:01:30 2009
	拷贝C:\Program Files\PCAuto6\Project\x\DB\dat\HISTORY.MGR到C:\Program Files\PCAuto6\Project\x\DB\dat\HISTORYback.MGR成功。
Tue Feb 03 11:01:30 2009
	拷贝C:\Program Files\PCAuto6\Project\x\DB\dat\FcHisTagId.Inx到C:\Program Files\PCAuto6\Project\x\DB\dat\FcHisTagIdback.Inx成功。
Tue Feb 03 11:01:30 2009
	同步数据文件[0/5]C:\Program Files\PCAuto6\Project\x\DB\dat\HISTORY.MGR成功。
Tue Feb 03 11:01:30 2009
	====刷磁盘结束====
Tue Feb 03 11:06:31 2009
	====刷磁盘开始====
Tue Feb 03 11:06:31 2009
	拷贝C:\Program Files\PCAuto6\Project\x\DB\dat\HISTORY.MGR到C:\Program Files\PCAuto6\Project\x\DB\dat\HISTORYback.MGR成功。
Tue Feb 03 11:06:31 2009
	拷贝C:\Program Files\PCAuto6\Project\x\DB\dat\FcHisTagId.Inx到C:\Program Files\PCAuto6\Project\x\DB\dat\FcHisTagIdback.Inx成功。
Tue Feb 03 11:06:31 2009
	同步数据文件[0/5]C:\Program Files\PCAuto6\Project\x\DB\dat\HISTORY.MGR成功。
Tue Feb 03 11:06:31 2009
	====刷磁盘结束====
Tue Feb 03 11:11:32 2009
	====刷磁盘开始====
Tue Feb 03 11:11:32 2009
	拷贝C:\Program Files\PCAuto6\Project\x\DB\dat\HISTORY.MGR到C:\Program Files\PCAuto6\Project\x\DB\dat\HISTORYback.MGR成功。
Tue Feb 03 11:11:32 2009
	拷贝C:\Program Files\PCAuto6\Project\x\DB\dat\FcHisTagId.Inx到C:\Program Files\PCAuto6\Project\x\DB\dat\FcHisTagIdback.Inx成功。
Tue Feb 03 11:11:32 2009
	同步数据文件[0/5]C:\Program Files\PCAuto6\Project\x\DB\dat\HISTORY.MGR成功。
Tue Feb 03 11:11:32 2009
	====刷磁盘结束====
Tue Feb 03 11:16:33 2009
	====刷磁盘开始====
Tue Feb 03 11:16:33 2009
	拷贝C:\Program Files\PCAuto6\Project\x\DB\dat\HISTORY.MGR到C:\Program Files\PCAuto6\Project\x\DB\dat\HISTORYback.MGR成功。
Tue Feb 03 11:16:33 2009
	拷贝C:\Program Files\PCAuto6\Project\x\DB\dat\FcHisTagId.Inx到C:\Program Files\PCAuto6\Project\x\DB\dat\FcHisTagIdback.Inx成功。
Tue Feb 03 11:16:33 2009
	同步数据文件[0/5]C:\Program Files\PCAuto6\Project\x\DB\dat\HISTORY.MGR成功。
Tue Feb 03 11:16:33 2009
	====刷磁盘结束====
Tue Feb 03 14:06:40 2009
	====刷磁盘开始====
Tue Feb 03 14:06:40 2009
	拷贝C:\Program Files\PCAuto6\Project\x\DB\dat\HISTORY.MGR到C:\Program Files\PCAuto6\Project\x\DB\dat\HISTORYback.MGR成功。
Tue Feb 03 14:06:40 2009
	拷贝C:\Program Files\PCAuto6\Project\x\DB\dat\FcHisTagId.Inx到C:\Program Files\PCAuto6\Project\x\DB\dat\FcHisTagIdback.Inx成功。
Tue Feb 03 14:06:40 2009
	同步数据文件[0/5]C:\Program Files\PCAuto6\Project\x\DB\dat\HISTORY.MGR成功。
Tue Feb 03 14:06:40 2009
	====刷磁盘结束====
Tue Feb 03 14:11:41 2009
	====刷磁盘开始====
Tue Feb 03 14:11:41 2009
	拷贝C:\Program Files\PCAuto6\Project\x\DB\dat\HISTORY.MGR到C:\Program Files\PCAuto6\Project\x\DB\dat\HISTORYback.MGR成功。
Tue Feb 03 14:11:41 2009
	拷贝C:\Program Files\PCAuto6\Project\x\DB\dat\FcHisTagId.Inx到C:\Program Files\PCAuto6\Project\x\DB\dat\FcHisTagIdback.Inx成功。
Tue Feb 03 14:11:41 2009
	同步数据文件[0/5]C:\Program Files\PCAuto6\Project\x\DB\dat\HISTORY.MGR成功。
Tue Feb 03 14:11:41 2009
	====刷磁盘结束====
Tue Feb 03 14:16:42 2009
	====刷磁盘开始====
Tue Feb 03 14:16:42 2009
	拷贝C:\Program Files\PCAuto6\Project\x\DB\dat\HISTORY.MGR到C:\Program Files\PCAuto6\Project\x\DB\dat\HISTORYback.MGR成功。
Tue Feb 03 14:16:42 2009
	拷贝C:\Program Files\PCAuto6\Project\x\DB\dat\FcHisTagId.Inx到C:\Program Files\PCAuto6\Project\x\DB\dat\FcHisTagIdback.Inx成功。
Tue Feb 03 14:16:42 2009
	同步数据文件[0/5]C:\Program Files\PCAuto6\Project\x\DB\dat\HISTORY.MGR成功。
Tue Feb 03 14:16:42 2009
	====刷磁盘结束====
Tue Feb 03 14:21:43 2009
	====刷磁盘开始====
Tue Feb 03 14:21:43 2009
	拷贝C:\Program Files\PCAuto6\Project\x\DB\dat\HISTORY.MGR到C:\Program Files\PCAuto6\Project\x\DB\dat\HISTORYback.MGR成功。
Tue Feb 03 14:21:43 2009
	拷贝C:\Program Files\PCAuto6\Project\x\DB\dat\FcHisTagId.Inx到C:\Program Files\PCAuto6\Project\x\DB\dat\FcHisTagIdback.Inx成功。
Tue Feb 03 14:21:43 2009
	同步数据文件[0/5]C:\Program Files\PCAuto6\Project\x\DB\dat\HISTORY.MGR成功。
Tue Feb 03 14:21:43 2009
	====刷磁盘结束====
Tue Feb 03 14:26:44 2009
	====刷磁盘开始====
Tue Feb 03 14:26:44 2009
	拷贝C:\Program Files\PCAuto6\Project\x\DB\dat\HISTORY.MGR到C:\Program Files\PCAuto6\Project\x\DB\dat\HISTORYback.MGR成功。
Tue Feb 03 14:26:44 2009
	拷贝C:\Program Files\PCAuto6\Project\x\DB\dat\FcHisTagId.Inx到C:\Program Files\PCAuto6\Project\x\DB\dat\FcHisTagIdback.Inx成功。
Tue Feb 03 14:26:44 2009
	同步数据文件[0/5]C:\Program Files\PCAuto6\Project\x\DB\dat\HISTORY.MGR成功。
Tue Feb 03 14:26:44 2009
	====刷磁盘结束====
Tue Feb 03 14:31:45 2009
	====刷磁盘开始====
Tue Feb 03 14:31:45 2009
	拷贝C:\Program Files\PCAuto6\Project\x\DB\dat\HISTORY.MGR到C:\Program Files\PCAuto6\Project\x\DB\dat\HISTORYback.MGR成功。
Tue Feb 03 14:31:45 2009
	拷贝C:\Program Files\PCAuto6\Project\x\DB\dat\FcHisTagId.Inx到C:\Program Files\PCAuto6\Project\x\DB\dat\FcHisTagIdback.Inx成功。
Tue Feb 03 14:31:45 2009
	同步数据文件[0/5]C:\Program Files\PCAuto6\Project\x\DB\dat\HISTORY.MGR成功。
Tue Feb 03 14:31:45 2009
	====刷磁盘结束====
Tue Feb 03 14:36:46 2009
	====刷磁盘开始====
Tue Feb 03 14:36:46 2009
	拷贝C:\Program Files\PCAuto6\Project\x\DB\dat\HISTORY.MGR到C:\Program Files\PCAuto6\Project\x\DB\dat\HISTORYback.MGR成功。
Tue Feb 03 14:36:46 2009
	拷贝C:\Program Files\PCAuto6\Project\x\DB\dat\FcHisTagId.Inx到C:\Program Files\PCAuto6\Project\x\DB\dat\FcHisTagIdback.Inx成功。
Tue Feb 03 14:36:46 2009
	同步数据文件[0/5]C:\Program Files\PCAuto6\Project\x\DB\dat\HISTORY.MGR成功。
Tue Feb 03 14:36:46 2009
	====刷磁盘结束====
Tue Feb 03 14:41:47 2009
	====刷磁盘开始====
Tue Feb 03 14:41:47 2009
	拷贝C:\Program Files\PCAuto6\Project\x\DB\dat\HISTORY.MGR到C:\Program Files\PCAuto6\Project\x\DB\dat\HISTORYback.MGR成功。
Tue Feb 03 14:41:47 2009
	拷贝C:\Program Files\PCAuto6\Project\x\DB\dat\FcHisTagId.Inx到C:\Program Files\PCAuto6\Project\x\DB\dat\FcHisTagIdback.Inx成功。
Tue Feb 03 14:41:47 2009
	同步数据文件[0/5]C:\Program Files\PCAuto6\Project\x\DB\dat\HISTORY.MGR成功。
Tue Feb 03 14:41:47 2009
	====刷磁盘结束====
Tue Feb 03 14:46:48 2009
	====刷磁盘开始====
Tue Feb 03 14:46:48 2009
	拷贝C:\Program Files\PCAuto6\Project\x\DB\dat\HISTORY.MGR到C:\Program Files\PCAuto6\Project\x\DB\dat\HISTORYback.MGR成功。
Tue Feb 03 14:46:48 2009
	拷贝C:\Program Files\PCAuto6\Project\x\DB\dat\FcHisTagId.Inx到C:\Program Files\PCAuto6\Project\x\DB\dat\FcHisTagIdback.Inx成功。
Tue Feb 03 14:46:48 2009
	同步数据文件[0/5]C:\Program Files\PCAuto6\Project\x\DB\dat\HISTORY.MGR成功。
Tue Feb 03 14:46:48 2009
	====刷磁盘结束====
Tue Feb 03 14:51:49 2009
	====刷磁盘开始====
Tue Feb 03 14:51:49 2009
	拷贝C:\Program Files\PCAuto6\Project\x\DB\dat\HISTORY.MGR到C:\Program Files\PCAuto6\Project\x\DB\dat\HISTORYback.MGR成功。
Tue Feb 03 14:51:49 2009
	拷贝C:\Program Files\PCAuto6\Project\x\DB\dat\FcHisTagId.Inx到C:\Program Files\PCAuto6\Project\x\DB\dat\FcHisTagIdback.Inx成功。
Tue Feb 03 14:51:49 2009
	同步数据文件[0/5]C:\Program Files\PCAuto6\Project\x\DB\dat\HISTORY.MGR成功。
Tue Feb 03 14:51:49 2009
	====刷磁盘结束====
Tue Feb 03 14:56:50 2009
	====刷磁盘开始====
Tue Feb 03 14:56:50 2009
	拷贝C:\Program Files\PCAuto6\Project\x\DB\dat\HISTORY.MGR到C:\Program Files\PCAuto6\Project\x\DB\dat\HISTORYback.MGR成功。
Tue Feb 03 14:56:50 2009
	拷贝C:\Program Files\PCAuto6\Project\x\DB\dat\FcHisTagId.Inx到C:\Program Files\PCAuto6\Project\x\DB\dat\FcHisTagIdback.Inx成功。
Tue Feb 03 14:56:50 2009
	同步数据文件[0/5]C:\Program Files\PCAuto6\Project\x\DB\dat\HISTORY.MGR成功。
Tue Feb 03 14:56:50 2009
	====刷磁盘结束====
Tue Feb 03 15:01:51 2009
	====刷磁盘开始====
Tue Feb 03 15:01:51 2009
	拷贝C:\Program Files\PCAuto6\Project\x\DB\dat\HISTORY.MGR到C:\Program Files\PCAuto6\Project\x\DB\dat\HISTORYback.MGR成功。
Tue Feb 03 15:01:51 2009
	拷贝C:\Program Files\PCAuto6\Project\x\DB\dat\FcHisTagId.Inx到C:\Program Files\PCAuto6\Project\x\DB\dat\FcHisTagIdback.Inx成功。
Tue Feb 03 15:01:51 2009
	同步数据文件[0/5]C:\Program Files\PCAuto6\Project\x\DB\dat\HISTORY.MGR成功。
Tue Feb 03 15:01:51 2009
	====刷磁盘结束====
Tue Feb 03 15:09:36 2009
	====刷磁盘开始====
Tue Feb 03 15:09:36 2009
	拷贝C:\Program Files\PCAuto6\Project\x\DB\dat\HISTORY.MGR到C:\Program Files\PCAuto6\Project\x\DB\dat\HISTORYback.MGR成功。
Tue Feb 03 15:09:36 2009
	拷贝C:\Program Files\PCAuto6\Project\x\DB\dat\FcHisTagId.Inx到C:\Program Files\PCAuto6\Project\x\DB\dat\FcHisTagIdback.Inx成功。
Tue Feb 03 15:09:36 2009
	同步数据文件[0/5]C:\Program Files\PCAuto6\Project\x\DB\dat\HISTORY.MGR成功。
Tue Feb 03 15:09:36 2009
	====刷磁盘结束====
Tue Feb 03 15:14:37 2009
	====刷磁盘开始====
Tue Feb 03 15:14:37 2009
	拷贝C:\Program Files\PCAuto6\Project\x\DB\dat\HISTORY.MGR到C:\Program Files\PCAuto6\Project\x\DB\dat\HISTORYback.MGR成功。
Tue Feb 03 15:14:37 2009
	拷贝C:\Program Files\PCAuto6\Project\x\DB\dat\FcHisTagId.Inx到C:\Program Files\PCAuto6\Project\x\DB\dat\FcHisTagIdback.Inx成功。
Tue Feb 03 15:14:37 2009
	同步数据文件[0/5]C:\Program Files\PCAuto6\Project\x\DB\dat\HISTORY.MGR成功。
Tue Feb 03 15:14:37 2009
	====刷磁盘结束====
Tue Feb 03 15:19:38 2009
	====刷磁盘开始====
Tue Feb 03 15:19:38 2009
	拷贝C:\Program Files\PCAuto6\Project\x\DB\dat\HISTORY.MGR到C:\Program Files\PCAuto6\Project\x\DB\dat\HISTORYback.MGR成功。
Tue Feb 03 15:19:38 2009
	拷贝C:\Program Files\PCAuto6\Project\x\DB\dat\FcHisTagId.Inx到C:\Program Files\PCAuto6\Project\x\DB\dat\FcHisTagIdback.Inx成功。
Tue Feb 03 15:19:38 2009
	同步数据文件[0/5]C:\Program Files\PCAuto6\Project\x\DB\dat\HISTORY.MGR成功。
Tue Feb 03 15:19:38 2009
	====刷磁盘结束====
Tue Feb 03 15:24:39 2009
	====刷磁盘开始====
Tue Feb 03 15:24:39 2009
	拷贝C:\Program Files\PCAuto6\Project\x\DB\dat\HISTORY.MGR到C:\Program Files\PCAuto6\Project\x\DB\dat\HISTORYback.MGR成功。
Tue Feb 03 15:24:39 2009
	拷贝C:\Program Files\PCAuto6\Project\x\DB\dat\FcHisTagId.Inx到C:\Program Files\PCAuto6\Project\x\DB\dat\FcHisTagIdback.Inx成功。
Tue Feb 03 15:24:39 2009
	同步数据文件[0/5]C:\Program Files\PCAuto6\Project\x\DB\dat\HISTORY.MGR成功。
Tue Feb 03 15:24:39 2009
	====刷磁盘结束====
Tue Feb 03 15:29:40 2009
	====刷磁盘开始====
Tue Feb 03 15:29:40 2009
	拷贝C:\Program Files\PCAuto6\Project\x\DB\dat\HISTORY.MGR到C:\Program Files\PCAuto6\Project\x\DB\dat\HISTORYback.MGR成功。
Tue Feb 03 15:29:40 2009
	拷贝C:\Program Files\PCAuto6\Project\x\DB\dat\FcHisTagId.Inx到C:\Program Files\PCAuto6\Project\x\DB\dat\FcHisTagIdback.Inx成功。
Tue Feb 03 15:29:40 2009
	同步数据文件[0/5]C:\Program Files\PCAuto6\Project\x\DB\dat\HISTORY.MGR成功。
Tue Feb 03 15:29:40 2009
	====刷磁盘结束====
Tue Feb 03 15:34:41 2009
	====刷磁盘开始====
Tue Feb 03 15:34:41 2009
	拷贝C:\Program Files\PCAuto6\Project\x\DB\dat\HISTORY.MGR到C:\Program Files\PCAuto6\Project\x\DB\dat\HISTORYback.MGR成功。
Tue Feb 03 15:34:41 2009
	拷贝C:\Program Files\PCAuto6\Project\x\DB\dat\FcHisTagId.Inx到C:\Program Files\PCAuto6\Project\x\DB\dat\FcHisTagIdback.Inx成功。
Tue Feb 03 15:34:41 2009
	同步数据文件[0/5]C:\Program Files\PCAuto6\Project\x\DB\dat\HISTORY.MGR成功。
Tue Feb 03 15:34:41 2009
	====刷磁盘结束====
Tue Feb 03 15:39:42 2009
	====刷磁盘开始====
Tue Feb 03 15:39:42 2009
	拷贝C:\Program Files\PCAuto6\Project\x\DB\dat\HISTORY.MGR到C:\Program Files\PCAuto6\Project\x\DB\dat\HISTORYback.MGR成功。
Tue Feb 03 15:39:42 2009
	拷贝C:\Program Files\PCAuto6\Project\x\DB\dat\FcHisTagId.Inx到C:\Program Files\PCAuto6\Project\x\DB\dat\FcHisTagIdback.Inx成功。
Tue Feb 03 15:39:42 2009
	同步数据文件[0/5]C:\Program Files\PCAuto6\Project\x\DB\dat\HISTORY.MGR成功。
Tue Feb 03 15:39:42 2009
	====刷磁盘结束====
Tue Feb 03 15:44:43 2009
	====刷磁盘开始====
Tue Feb 03 15:44:43 2009
	拷贝C:\Program Files\PCAuto6\Project\x\DB\dat\HISTORY.MGR到C:\Program Files\PCAuto6\Project\x\DB\dat\HISTORYback.MGR成功。
Tue Feb 03 15:44:43 2009
	拷贝C:\Program Files\PCAuto6\Project\x\DB\dat\FcHisTagId.Inx到C:\Program Files\PCAuto6\Project\x\DB\dat\FcHisTagIdback.Inx成功。
Tue Feb 03 15:44:43 2009
	同步数据文件[0/5]C:\Program Files\PCAuto6\Project\x\DB\dat\HISTORY.MGR成功。
Tue Feb 03 15:44:43 2009
	====刷磁盘结束====
Tue Feb 03 15:49:44 2009
	====刷磁盘开始====
Tue Feb 03 15:49:44 2009
	拷贝C:\Program Files\PCAuto6\Project\x\DB\dat\HISTORY.MGR到C:\Program Files\PCAuto6\Project\x\DB\dat\HISTORYback.MGR成功。
Tue Feb 03 15:49:44 2009
	拷贝C:\Program Files\PCAuto6\Project\x\DB\dat\FcHisTagId.Inx到C:\Program Files\PCAuto6\Project\x\DB\dat\FcHisTagIdback.Inx成功。
Tue Feb 03 15:49:44 2009
	同步数据文件[0/5]C:\Program Files\PCAuto6\Project\x\DB\dat\HISTORY.MGR成功。
Tue Feb 03 15:49:44 2009
	====刷磁盘结束====
Tue Feb 03 15:54:45 2009
	====刷磁盘开始====
Tue Feb 03 15:54:45 2009
	拷贝C:\Program Files\PCAuto6\Project\x\DB\dat\HISTORY.MGR到C:\Program Files\PCAuto6\Project\x\DB\dat\HISTORYback.MGR成功。
Tue Feb 03 15:54:45 2009
	拷贝C:\Program Files\PCAuto6\Project\x\DB\dat\FcHisTagId.Inx到C:\Program Files\PCAuto6\Project\x\DB\dat\FcHisTagIdback.Inx成功。
Tue Feb 03 15:54:45 2009
	同步数据文件[0/5]C:\Program Files\PCAuto6\Project\x\DB\dat\HISTORY.MGR成功。
Tue Feb 03 15:54:45 2009
	====刷磁盘结束====
Tue Feb 03 15:59:46 2009
	====刷磁盘开始====
Tue Feb 03 15:59:46 2009
	拷贝C:\Program Files\PCAuto6\Project\x\DB\dat\HISTORY.MGR到C:\Program Files\PCAuto6\Project\x\DB\dat\HISTORYback.MGR成功。
Tue Feb 03 15:59:46 2009
	拷贝C:\Program Files\PCAuto6\Project\x\DB\dat\FcHisTagId.Inx到C:\Program Files\PCAuto6\Project\x\DB\dat\FcHisTagIdback.Inx成功。
Tue Feb 03 15:59:46 2009
	同步数据文件[0/5]C:\Program Files\PCAuto6\Project\x\DB\dat\HISTORY.MGR成功。
Tue Feb 03 15:59:46 2009
	====刷磁盘结束====
Tue Feb 03 16:04:47 2009
	====刷磁盘开始====
Tue Feb 03 16:04:47 2009
	拷贝C:\Program Files\PCAuto6\Project\x\DB\dat\HISTORY.MGR到C:\Program Files\PCAuto6\Project\x\DB\dat\HISTORYback.MGR成功。
Tue Feb 03 16:04:47 2009
	拷贝C:\Program Files\PCAuto6\Project\x\DB\dat\FcHisTagId.Inx到C:\Program Files\PCAuto6\Project\x\DB\dat\FcHisTagIdback.Inx成功。
Tue Feb 03 16:04:47 2009
	同步数据文件[0/5]C:\Program Files\PCAuto6\Project\x\DB\dat\HISTORY.MGR成功。
Tue Feb 03 16:04:47 2009
	====刷磁盘结束====
Tue Feb 03 16:10:19 2009
	====刷磁盘开始====
Tue Feb 03 16:10:19 2009
	拷贝C:\Program Files\PCAuto6\Project\x\DB\dat\HISTORY.MGR到C:\Program Files\PCAuto6\Project\x\DB\dat\HISTORYback.MGR成功。
Tue Feb 03 16:10:19 2009
	拷贝C:\Program Files\PCAuto6\Project\x\DB\dat\FcHisTagId.Inx到C:\Program Files\PCAuto6\Project\x\DB\dat\FcHisTagIdback.Inx成功。
Tue Feb 03 16:10:19 2009
	同步数据文件[0/5]C:\Program Files\PCAuto6\Project\x\DB\dat\HISTORY.MGR成功。
Tue Feb 03 16:10:19 2009
	====刷磁盘结束====
Tue Feb 03 16:15:20 2009
	====刷磁盘开始====
Tue Feb 03 16:15:20 2009
	拷贝C:\Program Files\PCAuto6\Project\x\DB\dat\HISTORY.MGR到C:\Program Files\PCAuto6\Project\x\DB\dat\HISTORYback.MGR成功。
Tue Feb 03 16:15:20 2009
	拷贝C:\Program Files\PCAuto6\Project\x\DB\dat\FcHisTagId.Inx到C:\Program Files\PCAuto6\Project\x\DB\dat\FcHisTagIdback.Inx成功。
Tue Feb 03 16:15:20 2009
	同步数据文件[0/5]C:\Program Files\PCAuto6\Project\x\DB\dat\HISTORY.MGR成功。
Tue Feb 03 16:15:20 2009
	====刷磁盘结束====
Tue Feb 03 16:20:21 2009
	====刷磁盘开始====
Tue Feb 03 16:20:21 2009
	拷贝C:\Program Files\PCAuto6\Project\x\DB\dat\HISTORY.MGR到C:\Program Files\PCAuto6\Project\x\DB\dat\HISTORYback.MGR成功。
Tue Feb 03 16:20:21 2009
	拷贝C:\Program Files\PCAuto6\Project\x\DB\dat\FcHisTagId.Inx到C:\Program Files\PCAuto6\Project\x\DB\dat\FcHisTagIdback.Inx成功。
Tue Feb 03 16:20:21 2009
	同步数据文件[0/5]C:\Program Files\PCAuto6\Project\x\DB\dat\HISTORY.MGR成功。
Tue Feb 03 16:20:21 2009
	====刷磁盘结束====
Tue Feb 03 16:25:22 2009
	====刷磁盘开始====
Tue Feb 03 16:25:22 2009
	拷贝C:\Program Files\PCAuto6\Project\x\DB\dat\HISTORY.MGR到C:\Program Files\PCAuto6\Project\x\DB\dat\HISTORYback.MGR成功。
Tue Feb 03 16:25:22 2009
	拷贝C:\Program Files\PCAuto6\Project\x\DB\dat\FcHisTagId.Inx到C:\Program Files\PCAuto6\Project\x\DB\dat\FcHisTagIdback.Inx成功。
Tue Feb 03 16:25:22 2009
	同步数据文件[0/5]C:\Program Files\PCAuto6\Project\x\DB\dat\HISTORY.MGR成功。
Tue Feb 03 16:25:22 2009
	====刷磁盘结束====
Tue Feb 03 16:30:23 2009
	====刷磁盘开始====
Tue Feb 03 16:30:23 2009
	拷贝C:\Program Files\PCAuto6\Project\x\DB\dat\HISTORY.MGR到C:\Program Files\PCAuto6\Project\x\DB\dat\HISTORYback.MGR成功。
Tue Feb 03 16:30:23 2009
	拷贝C:\Program Files\PCAuto6\Project\x\DB\dat\FcHisTagId.Inx到C:\Program Files\PCAuto6\Project\x\DB\dat\FcHisTagIdback.Inx成功。
Tue Feb 03 16:30:23 2009
	同步数据文件[0/5]C:\Program Files\PCAuto6\Project\x\DB\dat\HISTORY.MGR成功。
Tue Feb 03 16:30:23 2009
	====刷磁盘结束====
Tue Feb 03 16:35:24 2009
	====刷磁盘开始====
Tue Feb 03 16:35:24 2009
	拷贝C:\Program Files\PCAuto6\Project\x\DB\dat\HISTORY.MGR到C:\Program Files\PCAuto6\Project\x\DB\dat\HISTORYback.MGR成功。
Tue Feb 03 16:35:24 2009
	拷贝C:\Program Files\PCAuto6\Project\x\DB\dat\FcHisTagId.Inx到C:\Program Files\PCAuto6\Project\x\DB\dat\FcHisTagIdback.Inx成功。
Tue Feb 03 16:35:24 2009
	同步数据文件[0/5]C:\Program Files\PCAuto6\Project\x\DB\dat\HISTORY.MGR成功。
Tue Feb 03 16:35:24 2009
	====刷磁盘结束====
Tue Feb 03 16:40:25 2009
	====刷磁盘开始====
Tue Feb 03 16:40:25 2009
	拷贝C:\Program Files\PCAuto6\Project\x\DB\dat\HISTORY.MGR到C:\Program Files\PCAuto6\Project\x\DB\dat\HISTORYback.MGR成功。
Tue Feb 03 16:40:25 2009
	拷贝C:\Program Files\PCAuto6\Project\x\DB\dat\FcHisTagId.Inx到C:\Program Files\PCAuto6\Project\x\DB\dat\FcHisTagIdback.Inx成功。
Tue Feb 03 16:40:25 2009
	同步数据文件[0/5]C:\Program Files\PCAuto6\Project\x\DB\dat\HISTORY.MGR成功。
Tue Feb 03 16:40:25 2009
	====刷磁盘结束====
Tue Feb 03 16:45:26 2009
	====刷磁盘开始====
Tue Feb 03 16:45:26 2009
	拷贝C:\Program Files\PCAuto6\Project\x\DB\dat\HISTORY.MGR到C:\Program Files\PCAuto6\Project\x\DB\dat\HISTORYback.MGR成功。
Tue Feb 03 16:45:26 2009
	拷贝C:\Program Files\PCAuto6\Project\x\DB\dat\FcHisTagId.Inx到C:\Program Files\PCAuto6\Project\x\DB\dat\FcHisTagIdback.Inx成功。
Tue Feb 03 16:45:26 2009
	同步数据文件[0/5]C:\Program Files\PCAuto6\Project\x\DB\dat\HISTORY.MGR成功。
Tue Feb 03 16:45:26 2009
	====刷磁盘结束====
Tue Feb 03 16:50:27 2009
	====刷磁盘开始====
Tue Feb 03 16:50:27 2009
	拷贝C:\Program Files\PCAuto6\Project\x\DB\dat\HISTORY.MGR到C:\Program Files\PCAuto6\Project\x\DB\dat\HISTORYback.MGR成功。
Tue Feb 03 16:50:27 2009
	拷贝C:\Program Files\PCAuto6\Project\x\DB\dat\FcHisTagId.Inx到C:\Program Files\PCAuto6\Project\x\DB\dat\FcHisTagIdback.Inx成功。
Tue Feb 03 16:50:27 2009
	同步数据文件[0/5]C:\Program Files\PCAuto6\Project\x\DB\dat\HISTORY.MGR成功。
Tue Feb 03 16:50:27 2009
	====刷磁盘结束====
Tue Feb 03 16:55:28 2009
	====刷磁盘开始====
Tue Feb 03 16:55:28 2009
	拷贝C:\Program Files\PCAuto6\Project\x\DB\dat\HISTORY.MGR到C:\Program Files\PCAuto6\Project\x\DB\dat\HISTORYback.MGR成功。
Tue Feb 03 16:55:28 2009
	拷贝C:\Program Files\PCAuto6\Project\x\DB\dat\FcHisTagId.Inx到C:\Program Files\PCAuto6\Project\x\DB\dat\FcHisTagIdback.Inx成功。
Tue Feb 03 16:55:28 2009
	同步数据文件[0/5]C:\Program Files\PCAuto6\Project\x\DB\dat\HISTORY.MGR成功。
Tue Feb 03 16:55:28 2009
	====刷磁盘结束====
Tue Feb 03 17:00:29 2009
	====刷磁盘开始====
Tue Feb 03 17:00:29 2009
	拷贝C:\Program Files\PCAuto6\Project\x\DB\dat\HISTORY.MGR到C:\Program Files\PCAuto6\Project\x\DB\dat\HISTORYback.MGR成功。
Tue Feb 03 17:00:29 2009
	拷贝C:\Program Files\PCAuto6\Project\x\DB\dat\FcHisTagId.Inx到C:\Program Files\PCAuto6\Project\x\DB\dat\FcHisTagIdback.Inx成功。
Tue Feb 03 17:00:29 2009
	同步数据文件[0/5]C:\Program Files\PCAuto6\Project\x\DB\dat\HISTORY.MGR成功。
Tue Feb 03 17:00:29 2009
	====刷磁盘结束====
Tue Feb 03 17:05:30 2009
	====刷磁盘开始====
Tue Feb 03 17:05:30 2009
	拷贝C:\Program Files\PCAuto6\Project\x\DB\dat\HISTORY.MGR到C:\Program Files\PCAuto6\Project\x\DB\dat\HISTORYback.MGR成功。
Tue Feb 03 17:05:30 2009
	拷贝C:\Program Files\PCAuto6\Project\x\DB\dat\FcHisTagId.Inx到C:\Program Files\PCAuto6\Project\x\DB\dat\FcHisTagIdback.Inx成功。
Tue Feb 03 17:05:30 2009
	同步数据文件[0/5]C:\Program Files\PCAuto6\Project\x\DB\dat\HISTORY.MGR成功。
Tue Feb 03 17:05:30 2009
	====刷磁盘结束====
Wed Feb 04 08:14:50 2009
	====刷磁盘开始====
Wed Feb 04 08:14:50 2009
	拷贝C:\Program Files\PCAuto6\Project\x\DB\dat\HISTORY.MGR到C:\Program Files\PCAuto6\Project\x\DB\dat\HISTORYback.MGR成功。
Wed Feb 04 08:14:50 2009
	拷贝C:\Program Files\PCAuto6\Project\x\DB\dat\FcHisTagId.Inx到C:\Program Files\PCAuto6\Project\x\DB\dat\FcHisTagIdback.Inx成功。
Wed Feb 04 08:14:50 2009
	同步数据文件[0/5]C:\Program Files\PCAuto6\Project\x\DB\dat\HISTORY.MGR成功。
Wed Feb 04 08:14:50 2009
	====刷磁盘结束====
Wed Feb 04 08:19:51 2009
	====刷磁盘开始====
Wed Feb 04 08:19:51 2009
	拷贝C:\Program Files\PCAuto6\Project\x\DB\dat\HISTORY.MGR到C:\Program Files\PCAuto6\Project\x\DB\dat\HISTORYback.MGR成功。
Wed Feb 04 08:19:51 2009
	拷贝C:\Program Files\PCAuto6\Project\x\DB\dat\FcHisTagId.Inx到C:\Program Files\PCAuto6\Project\x\DB\dat\FcHisTagIdback.Inx成功。
Wed Feb 04 08:19:51 2009
	同步数据文件[0/5]C:\Program Files\PCAuto6\Project\x\DB\dat\HISTORY.MGR成功。
Wed Feb 04 08:19:51 2009
	====刷磁盘结束====
Wed Feb 04 08:24:52 2009
	====刷磁盘开始====
Wed Feb 04 08:24:52 2009
	拷贝C:\Program Files\PCAuto6\Project\x\DB\dat\HISTORY.MGR到C:\Program Files\PCAuto6\Project\x\DB\dat\HISTORYback.MGR成功。
Wed Feb 04 08:24:52 2009
	拷贝C:\Program Files\PCAuto6\Project\x\DB\dat\FcHisTagId.Inx到C:\Program Files\PCAuto6\Project\x\DB\dat\FcHisTagIdback.Inx成功。
Wed Feb 04 08:24:52 2009
	同步数据文件[0/5]C:\Program Files\PCAuto6\Project\x\DB\dat\HISTORY.MGR成功。
Wed Feb 04 08:24:52 2009
	====刷磁盘结束====
Wed Feb 04 08:29:53 2009
	====刷磁盘开始====
Wed Feb 04 08:29:53 2009
	拷贝C:\Program Files\PCAuto6\Project\x\DB\dat\HISTORY.MGR到C:\Program Files\PCAuto6\Project\x\DB\dat\HISTORYback.MGR成功。
Wed Feb 04 08:29:53 2009
	拷贝C:\Program Files\PCAuto6\Project\x\DB\dat\FcHisTagId.Inx到C:\Program Files\PCAuto6\Project\x\DB\dat\FcHisTagIdback.Inx成功。
Wed Feb 04 08:29:53 2009
	同步数据文件[0/5]C:\Program Files\PCAuto6\Project\x\DB\dat\HISTORY.MGR成功。
Wed Feb 04 08:29:53 2009
	====刷磁盘结束====
Wed Feb 04 08:34:54 2009
	====刷磁盘开始====
Wed Feb 04 08:34:54 2009
	拷贝C:\Program Files\PCAuto6\Project\x\DB\dat\HISTORY.MGR到C:\Program Files\PCAuto6\Project\x\DB\dat\HISTORYback.MGR成功。
Wed Feb 04 08:34:54 2009
	拷贝C:\Program Files\PCAuto6\Project\x\DB\dat\FcHisTagId.Inx到C:\Program Files\PCAuto6\Project\x\DB\dat\FcHisTagIdback.Inx成功。
Wed Feb 04 08:34:54 2009
	同步数据文件[0/5]C:\Program Files\PCAuto6\Project\x\DB\dat\HISTORY.MGR成功。
Wed Feb 04 08:34:54 2009
	====刷磁盘结束====
Wed Feb 04 08:39:55 2009
	====刷磁盘开始====
Wed Feb 04 08:39:55 2009
	拷贝C:\Program Files\PCAuto6\Project\x\DB\dat\HISTORY.MGR到C:\Program Files\PCAuto6\Project\x\DB\dat\HISTORYback.MGR成功。
Wed Feb 04 08:39:55 2009
	拷贝C:\Program Files\PCAuto6\Project\x\DB\dat\FcHisTagId.Inx到C:\Program Files\PCAuto6\Project\x\DB\dat\FcHisTagIdback.Inx成功。
Wed Feb 04 08:39:55 2009
	同步数据文件[0/5]C:\Program Files\PCAuto6\Project\x\DB\dat\HISTORY.MGR成功。
Wed Feb 04 08:39:55 2009
	====刷磁盘结束====
Wed Feb 04 08:44:56 2009
	====刷磁盘开始====
Wed Feb 04 08:44:56 2009
	拷贝C:\Program Files\PCAuto6\Project\x\DB\dat\HISTORY.MGR到C:\Program Files\PCAuto6\Project\x\DB\dat\HISTORYback.MGR成功。
Wed Feb 04 08:44:56 2009
	拷贝C:\Program Files\PCAuto6\Project\x\DB\dat\FcHisTagId.Inx到C:\Program Files\PCAuto6\Project\x\DB\dat\FcHisTagIdback.Inx成功。
Wed Feb 04 08:44:56 2009
	同步数据文件[0/5]C:\Program Files\PCAuto6\Project\x\DB\dat\HISTORY.MGR成功。
Wed Feb 04 08:44:56 2009
	====刷磁盘结束====
Wed Feb 04 08:49:57 2009
	====刷磁盘开始====
Wed Feb 04 08:49:57 2009
	拷贝C:\Program Files\PCAuto6\Project\x\DB\dat\HISTORY.MGR到C:\Program Files\PCAuto6\Project\x\DB\dat\HISTORYback.MGR成功。
Wed Feb 04 08:49:57 2009
	拷贝C:\Program Files\PCAuto6\Project\x\DB\dat\FcHisTagId.Inx到C:\Program Files\PCAuto6\Project\x\DB\dat\FcHisTagIdback.Inx成功。
Wed Feb 04 08:49:57 2009
	同步数据文件[0/5]C:\Program Files\PCAuto6\Project\x\DB\dat\HISTORY.MGR成功。
Wed Feb 04 08:49:57 2009
	====刷磁盘结束====
Wed Feb 04 08:54:58 2009
	====刷磁盘开始====
Wed Feb 04 08:54:58 2009
	拷贝C:\Program Files\PCAuto6\Project\x\DB\dat\HISTORY.MGR到C:\Program Files\PCAuto6\Project\x\DB\dat\HISTORYback.MGR成功。
Wed Feb 04 08:54:58 2009
	拷贝C:\Program Files\PCAuto6\Project\x\DB\dat\FcHisTagId.Inx到C:\Program Files\PCAuto6\Project\x\DB\dat\FcHisTagIdback.Inx成功。
Wed Feb 04 08:54:58 2009
	同步数据文件[0/5]C:\Program Files\PCAuto6\Project\x\DB\dat\HISTORY.MGR成功。
Wed Feb 04 08:54:58 2009
	====刷磁盘结束====
Wed Feb 04 08:59:59 2009
	====刷磁盘开始====
Wed Feb 04 08:59:59 2009
	拷贝C:\Program Files\PCAuto6\Project\x\DB\dat\HISTORY.MGR到C:\Program Files\PCAuto6\Project\x\DB\dat\HISTORYback.MGR成功。
Wed Feb 04 08:59:59 2009
	拷贝C:\Program Files\PCAuto6\Project\x\DB\dat\FcHisTagId.Inx到C:\Program Files\PCAuto6\Project\x\DB\dat\FcHisTagIdback.Inx成功。
Wed Feb 04 08:59:59 2009
	同步数据文件[0/5]C:\Program Files\PCAuto6\Project\x\DB\dat\HISTORY.MGR成功。
Wed Feb 04 08:59:59 2009
	====刷磁盘结束====
Wed Feb 04 09:05:00 2009
	====刷磁盘开始====
Wed Feb 04 09:05:00 2009
	拷贝C:\Program Files\PCAuto6\Project\x\DB\dat\HISTORY.MGR到C:\Program Files\PCAuto6\Project\x\DB\dat\HISTORYback.MGR成功。
Wed Feb 04 09:05:00 2009
	拷贝C:\Program Files\PCAuto6\Project\x\DB\dat\FcHisTagId.Inx到C:\Program Files\PCAuto6\Project\x\DB\dat\FcHisTagIdback.Inx成功。
Wed Feb 04 09:05:00 2009
	同步数据文件[0/5]C:\Program Files\PCAuto6\Project\x\DB\dat\HISTORY.MGR成功。
Wed Feb 04 09:05:00 2009
	====刷磁盘结束====
Wed Feb 04 10:46:57 2009
	====刷磁盘开始====
Wed Feb 04 10:46:57 2009
	拷贝C:\Program Files\PCAuto6\Project\x\DB\dat\HISTORY.MGR到C:\Program Files\PCAuto6\Project\x\DB\dat\HISTORYback.MGR成功。
Wed Feb 04 10:46:57 2009
	拷贝C:\Program Files\PCAuto6\Project\x\DB\dat\FcHisTagId.Inx到C:\Program Files\PCAuto6\Project\x\DB\dat\FcHisTagIdback.Inx成功。
Wed Feb 04 10:46:59 2009
	同步数据文件[0/5]C:\Program Files\PCAuto6\Project\x\DB\dat\HISTORY.MGR成功。
Wed Feb 04 10:46:59 2009
	====刷磁盘结束====
Wed Feb 04 15:23:40 2009
	====刷磁盘开始====
Wed Feb 04 15:23:40 2009
	拷贝C:\Program Files\PCAuto6\Project\x\DB\dat\HISTORY.MGR到C:\Program Files\PCAuto6\Project\x\DB\dat\HISTORYback.MGR成功。
Wed Feb 04 15:23:40 2009
	拷贝C:\Program Files\PCAuto6\Project\x\DB\dat\FcHisTagId.Inx到C:\Program Files\PCAuto6\Project\x\DB\dat\FcHisTagIdback.Inx成功。
Wed Feb 04 15:23:40 2009
	同步数据文件[0/5]C:\Program Files\PCAuto6\Project\x\DB\dat\HISTORY.MGR成功。
Wed Feb 04 15:23:40 2009
	====刷磁盘结束====
Wed Feb 04 15:52:34 2009
	====刷磁盘开始====
Wed Feb 04 15:52:34 2009
	拷贝C:\Program Files\PCAuto6\Project\x\DB\dat\HISTORY.MGR到C:\Program Files\PCAuto6\Project\x\DB\dat\HISTORYback.MGR成功。
Wed Feb 04 15:52:34 2009
	拷贝C:\Program Files\PCAuto6\Project\x\DB\dat\FcHisTagId.Inx到C:\Program Files\PCAuto6\Project\x\DB\dat\FcHisTagIdback.Inx成功。
Wed Feb 04 15:52:34 2009
	同步数据文件[0/5]C:\Program Files\PCAuto6\Project\x\DB\dat\HISTORY.MGR成功。
Wed Feb 04 15:52:34 2009
	====刷磁盘结束====
Wed Feb 04 15:57:35 2009
	====刷磁盘开始====
Wed Feb 04 15:57:35 2009
	拷贝C:\Program Files\PCAuto6\Project\x\DB\dat\HISTORY.MGR到C:\Program Files\PCAuto6\Project\x\DB\dat\HISTORYback.MGR成功。
Wed Feb 04 15:57:35 2009
	拷贝C:\Program Files\PCAuto6\Project\x\DB\dat\FcHisTagId.Inx到C:\Program Files\PCAuto6\Project\x\DB\dat\FcHisTagIdback.Inx成功。
Wed Feb 04 15:57:35 2009
	同步数据文件[0/5]C:\Program Files\PCAuto6\Project\x\DB\dat\HISTORY.MGR成功。
Wed Feb 04 15:57:35 2009
	====刷磁盘结束====
Wed Feb 04 16:02:36 2009
	====刷磁盘开始====
Wed Feb 04 16:02:36 2009
	拷贝C:\Program Files\PCAuto6\Project\x\DB\dat\HISTORY.MGR到C:\Program Files\PCAuto6\Project\x\DB\dat\HISTORYback.MGR成功。
Wed Feb 04 16:02:36 2009
	拷贝C:\Program Files\PCAuto6\Project\x\DB\dat\FcHisTagId.Inx到C:\Program Files\PCAuto6\Project\x\DB\dat\FcHisTagIdback.Inx成功。
Wed Feb 04 16:02:36 2009
	同步数据文件[0/5]C:\Program Files\PCAuto6\Project\x\DB\dat\HISTORY.MGR成功。
Wed Feb 04 16:02:36 2009
	====刷磁盘结束====
Wed Feb 04 16:07:37 2009
	====刷磁盘开始====
Wed Feb 04 16:07:37 2009
	拷贝C:\Program Files\PCAuto6\Project\x\DB\dat\HISTORY.MGR到C:\Program Files\PCAuto6\Project\x\DB\dat\HISTORYback.MGR成功。
Wed Feb 04 16:07:37 2009
	拷贝C:\Program Files\PCAuto6\Project\x\DB\dat\FcHisTagId.Inx到C:\Program Files\PCAuto6\Project\x\DB\dat\FcHisTagIdback.Inx成功。
Wed Feb 04 16:07:37 2009
	同步数据文件[0/5]C:\Program Files\PCAuto6\Project\x\DB\dat\HISTORY.MGR成功。
Wed Feb 04 16:07:37 2009
	====刷磁盘结束====
Wed Feb 04 16:12:38 2009
	====刷磁盘开始====
Wed Feb 04 16:12:38 2009
	拷贝C:\Program Files\PCAuto6\Project\x\DB\dat\HISTORY.MGR到C:\Program Files\PCAuto6\Project\x\DB\dat\HISTORYback.MGR成功。
Wed Feb 04 16:12:38 2009
	拷贝C:\Program Files\PCAuto6\Project\x\DB\dat\FcHisTagId.Inx到C:\Program Files\PCAuto6\Project\x\DB\dat\FcHisTagIdback.Inx成功。
Wed Feb 04 16:12:38 2009
	同步数据文件[0/5]C:\Program Files\PCAuto6\Project\x\DB\dat\HISTORY.MGR成功。
Wed Feb 04 16:12:38 2009
	====刷磁盘结束====
Wed Feb 04 16:17:39 2009
	====刷磁盘开始====
Wed Feb 04 16:17:39 2009
	拷贝C:\Program Files\PCAuto6\Project\x\DB\dat\HISTORY.MGR到C:\Program Files\PCAuto6\Project\x\DB\dat\HISTORYback.MGR成功。
Wed Feb 04 16:17:39 2009
	拷贝C:\Program Files\PCAuto6\Project\x\DB\dat\FcHisTagId.Inx到C:\Program Files\PCAuto6\Project\x\DB\dat\FcHisTagIdback.Inx成功。
Wed Feb 04 16:17:39 2009
	同步数据文件[0/5]C:\Program Files\PCAuto6\Project\x\DB\dat\HISTORY.MGR成功。
Wed Feb 04 16:17:39 2009
	====刷磁盘结束====
Wed Feb 04 16:22:40 2009
	====刷磁盘开始====
Wed Feb 04 16:22:40 2009
	拷贝C:\Program Files\PCAuto6\Project\x\DB\dat\HISTORY.MGR到C:\Program Files\PCAuto6\Project\x\DB\dat\HISTORYback.MGR成功。
Wed Feb 04 16:22:40 2009
	拷贝C:\Program Files\PCAuto6\Project\x\DB\dat\FcHisTagId.Inx到C:\Program Files\PCAuto6\Project\x\DB\dat\FcHisTagIdback.Inx成功。
Wed Feb 04 16:22:40 2009
	同步数据文件[0/5]C:\Program Files\PCAuto6\Project\x\DB\dat\HISTORY.MGR成功。
Wed Feb 04 16:22:40 2009
	====刷磁盘结束====
Wed Feb 04 16:27:41 2009
	====刷磁盘开始====
Wed Feb 04 16:27:41 2009
	拷贝C:\Program Files\PCAuto6\Project\x\DB\dat\HISTORY.MGR到C:\Program Files\PCAuto6\Project\x\DB\dat\HISTORYback.MGR成功。
Wed Feb 04 16:27:41 2009
	拷贝C:\Program Files\PCAuto6\Project\x\DB\dat\FcHisTagId.Inx到C:\Program Files\PCAuto6\Project\x\DB\dat\FcHisTagIdback.Inx成功。
Wed Feb 04 16:27:41 2009
	同步数据文件[0/5]C:\Program Files\PCAuto6\Project\x\DB\dat\HISTORY.MGR成功。
Wed Feb 04 16:27:41 2009
	====刷磁盘结束====
Wed Feb 04 16:32:42 2009
	====刷磁盘开始====
Wed Feb 04 16:32:42 2009
	拷贝C:\Program Files\PCAuto6\Project\x\DB\dat\HISTORY.MGR到C:\Program Files\PCAuto6\Project\x\DB\dat\HISTORYback.MGR成功。
Wed Feb 04 16:32:42 2009
	拷贝C:\Program Files\PCAuto6\Project\x\DB\dat\FcHisTagId.Inx到C:\Program Files\PCAuto6\Project\x\DB\dat\FcHisTagIdback.Inx成功。
Wed Feb 04 16:32:42 2009
	同步数据文件[0/5]C:\Program Files\PCAuto6\Project\x\DB\dat\HISTORY.MGR成功。
Wed Feb 04 16:32:42 2009
	====刷磁盘结束====
Wed Feb 04 16:37:43 2009
	====刷磁盘开始====
Wed Feb 04 16:37:43 2009
	拷贝C:\Program Files\PCAuto6\Project\x\DB\dat\HISTORY.MGR到C:\Program Files\PCAuto6\Project\x\DB\dat\HISTORYback.MGR成功。
Wed Feb 04 16:37:43 2009
	拷贝C:\Program Files\PCAuto6\Project\x\DB\dat\FcHisTagId.Inx到C:\Program Files\PCAuto6\Project\x\DB\dat\FcHisTagIdback.Inx成功。
Wed Feb 04 16:37:43 2009
	同步数据文件[0/5]C:\Program Files\PCAuto6\Project\x\DB\dat\HISTORY.MGR成功。
Wed Feb 04 16:37:43 2009
	====刷磁盘结束====
Wed Feb 04 16:42:44 2009
	====刷磁盘开始====
Wed Feb 04 16:42:44 2009
	拷贝C:\Program Files\PCAuto6\Project\x\DB\dat\HISTORY.MGR到C:\Program Files\PCAuto6\Project\x\DB\dat\HISTORYback.MGR成功。
Wed Feb 04 16:42:44 2009
	拷贝C:\Program Files\PCAuto6\Project\x\DB\dat\FcHisTagId.Inx到C:\Program Files\PCAuto6\Project\x\DB\dat\FcHisTagIdback.Inx成功。
Wed Feb 04 16:42:44 2009
	同步数据文件[0/5]C:\Program Files\PCAuto6\Project\x\DB\dat\HISTORY.MGR成功。
Wed Feb 04 16:42:44 2009
	====刷磁盘结束====
Wed Feb 04 16:47:45 2009
	====刷磁盘开始====
Wed Feb 04 16:47:45 2009
	拷贝C:\Program Files\PCAuto6\Project\x\DB\dat\HISTORY.MGR到C:\Program Files\PCAuto6\Project\x\DB\dat\HISTORYback.MGR成功。
Wed Feb 04 16:47:45 2009
	拷贝C:\Program Files\PCAuto6\Project\x\DB\dat\FcHisTagId.Inx到C:\Program Files\PCAuto6\Project\x\DB\dat\FcHisTagIdback.Inx成功。
Wed Feb 04 16:47:45 2009
	同步数据文件[0/5]C:\Program Files\PCAuto6\Project\x\DB\dat\HISTORY.MGR成功。
Wed Feb 04 16:47:45 2009
	====刷磁盘结束====
Thu Feb 05 08:34:38 2009
	====刷磁盘开始====
Thu Feb 05 08:34:38 2009
	拷贝C:\Program Files\PCAuto6\Project\x\DB\dat\HISTORY.MGR到C:\Program Files\PCAuto6\Project\x\DB\dat\HISTORYback.MGR成功。
Thu Feb 05 08:34:38 2009
	拷贝C:\Program Files\PCAuto6\Project\x\DB\dat\FcHisTagId.Inx到C:\Program Files\PCAuto6\Project\x\DB\dat\FcHisTagIdback.Inx成功。
Thu Feb 05 08:34:38 2009
	同步数据文件[0/5]C:\Program Files\PCAuto6\Project\x\DB\dat\HISTORY.MGR成功。
Thu Feb 05 08:34:38 2009
	====刷磁盘结束====
Thu Feb 05 08:39:39 2009
	====刷磁盘开始====
Thu Feb 05 08:39:39 2009
	拷贝C:\Program Files\PCAuto6\Project\x\DB\dat\HISTORY.MGR到C:\Program Files\PCAuto6\Project\x\DB\dat\HISTORYback.MGR成功。
Thu Feb 05 08:39:39 2009
	拷贝C:\Program Files\PCAuto6\Project\x\DB\dat\FcHisTagId.Inx到C:\Program Files\PCAuto6\Project\x\DB\dat\FcHisTagIdback.Inx成功。
Thu Feb 05 08:39:39 2009
	同步数据文件[0/5]C:\Program Files\PCAuto6\Project\x\DB\dat\HISTORY.MGR成功。
Thu Feb 05 08:39:39 2009
	====刷磁盘结束====
Thu Feb 05 08:44:40 2009
	====刷磁盘开始====
Thu Feb 05 08:44:40 2009
	拷贝C:\Program Files\PCAuto6\Project\x\DB\dat\HISTORY.MGR到C:\Program Files\PCAuto6\Project\x\DB\dat\HISTORYback.MGR成功。
Thu Feb 05 08:44:40 2009
	拷贝C:\Program Files\PCAuto6\Project\x\DB\dat\FcHisTagId.Inx到C:\Program Files\PCAuto6\Project\x\DB\dat\FcHisTagIdback.Inx成功。
Thu Feb 05 08:44:40 2009
	同步数据文件[0/5]C:\Program Files\PCAuto6\Project\x\DB\dat\HISTORY.MGR成功。
Thu Feb 05 08:44:40 2009
	====刷磁盘结束====
Thu Feb 05 08:49:41 2009
	====刷磁盘开始====
Thu Feb 05 08:49:41 2009
	拷贝C:\Program Files\PCAuto6\Project\x\DB\dat\HISTORY.MGR到C:\Program Files\PCAuto6\Project\x\DB\dat\HISTORYback.MGR成功。
Thu Feb 05 08:49:41 2009
	拷贝C:\Program Files\PCAuto6\Project\x\DB\dat\FcHisTagId.Inx到C:\Program Files\PCAuto6\Project\x\DB\dat\FcHisTagIdback.Inx成功。
Thu Feb 05 08:49:41 2009
	同步数据文件[0/5]C:\Program Files\PCAuto6\Project\x\DB\dat\HISTORY.MGR成功。
Thu Feb 05 08:49:41 2009
	====刷磁盘结束====
Thu Feb 05 08:54:42 2009
	====刷磁盘开始====
Thu Feb 05 08:54:42 2009
	拷贝C:\Program Files\PCAuto6\Project\x\DB\dat\HISTORY.MGR到C:\Program Files\PCAuto6\Project\x\DB\dat\HISTORYback.MGR成功。
Thu Feb 05 08:54:42 2009
	拷贝C:\Program Files\PCAuto6\Project\x\DB\dat\FcHisTagId.Inx到C:\Program Files\PCAuto6\Project\x\DB\dat\FcHisTagIdback.Inx成功。
Thu Feb 05 08:54:42 2009
	同步数据文件[0/5]C:\Program Files\PCAuto6\Project\x\DB\dat\HISTORY.MGR成功。
Thu Feb 05 08:54:42 2009
	====刷磁盘结束====
Thu Feb 05 08:59:43 2009
	====刷磁盘开始====
Thu Feb 05 08:59:43 2009
	拷贝C:\Program Files\PCAuto6\Project\x\DB\dat\HISTORY.MGR到C:\Program Files\PCAuto6\Project\x\DB\dat\HISTORYback.MGR成功。
Thu Feb 05 08:59:43 2009
	拷贝C:\Program Files\PCAuto6\Project\x\DB\dat\FcHisTagId.Inx到C:\Program Files\PCAuto6\Project\x\DB\dat\FcHisTagIdback.Inx成功。
Thu Feb 05 08:59:43 2009
	同步数据文件[0/5]C:\Program Files\PCAuto6\Project\x\DB\dat\HISTORY.MGR成功。
Thu Feb 05 08:59:43 2009
	====刷磁盘结束====
Thu Feb 05 09:04:44 2009
	====刷磁盘开始====
Thu Feb 05 09:04:44 2009
	拷贝C:\Program Files\PCAuto6\Project\x\DB\dat\HISTORY.MGR到C:\Program Files\PCAuto6\Project\x\DB\dat\HISTORYback.MGR成功。
Thu Feb 05 09:04:44 2009
	拷贝C:\Program Files\PCAuto6\Project\x\DB\dat\FcHisTagId.Inx到C:\Program Files\PCAuto6\Project\x\DB\dat\FcHisTagIdback.Inx成功。
Thu Feb 05 09:04:44 2009
	同步数据文件[0/5]C:\Program Files\PCAuto6\Project\x\DB\dat\HISTORY.MGR成功。
Thu Feb 05 09:04:44 2009
	====刷磁盘结束====
Thu Feb 05 09:09:45 2009
	====刷磁盘开始====
Thu Feb 05 09:09:45 2009
	拷贝C:\Program Files\PCAuto6\Project\x\DB\dat\HISTORY.MGR到C:\Program Files\PCAuto6\Project\x\DB\dat\HISTORYback.MGR成功。
Thu Feb 05 09:09:45 2009
	拷贝C:\Program Files\PCAuto6\Project\x\DB\dat\FcHisTagId.Inx到C:\Program Files\PCAuto6\Project\x\DB\dat\FcHisTagIdback.Inx成功。
Thu Feb 05 09:09:45 2009
	同步数据文件[0/5]C:\Program Files\PCAuto6\Project\x\DB\dat\HISTORY.MGR成功。
Thu Feb 05 09:09:45 2009
	====刷磁盘结束====
Thu Feb 05 09:14:46 2009
	====刷磁盘开始====
Thu Feb 05 09:14:46 2009
	拷贝C:\Program Files\PCAuto6\Project\x\DB\dat\HISTORY.MGR到C:\Program Files\PCAuto6\Project\x\DB\dat\HISTORYback.MGR成功。
Thu Feb 05 09:14:46 2009
	拷贝C:\Program Files\PCAuto6\Project\x\DB\dat\FcHisTagId.Inx到C:\Program Files\PCAuto6\Project\x\DB\dat\FcHisTagIdback.Inx成功。
Thu Feb 05 09:14:46 2009
	同步数据文件[0/5]C:\Program Files\PCAuto6\Project\x\DB\dat\HISTORY.MGR成功。
Thu Feb 05 09:14:46 2009
	====刷磁盘结束====
Thu Feb 05 09:19:47 2009
	====刷磁盘开始====
Thu Feb 05 09:19:47 2009
	拷贝C:\Program Files\PCAuto6\Project\x\DB\dat\HISTORY.MGR到C:\Program Files\PCAuto6\Project\x\DB\dat\HISTORYback.MGR成功。
Thu Feb 05 09:19:47 2009
	拷贝C:\Program Files\PCAuto6\Project\x\DB\dat\FcHisTagId.Inx到C:\Program Files\PCAuto6\Project\x\DB\dat\FcHisTagIdback.Inx成功。
Thu Feb 05 09:19:47 2009
	同步数据文件[0/5]C:\Program Files\PCAuto6\Project\x\DB\dat\HISTORY.MGR成功。
Thu Feb 05 09:19:47 2009
	====刷磁盘结束====
Thu Feb 05 09:24:48 2009
	====刷磁盘开始====
Thu Feb 05 09:24:48 2009
	拷贝C:\Program Files\PCAuto6\Project\x\DB\dat\HISTORY.MGR到C:\Program Files\PCAuto6\Project\x\DB\dat\HISTORYback.MGR成功。
Thu Feb 05 09:24:48 2009
	拷贝C:\Program Files\PCAuto6\Project\x\DB\dat\FcHisTagId.Inx到C:\Program Files\PCAuto6\Project\x\DB\dat\FcHisTagIdback.Inx成功。
Thu Feb 05 09:24:48 2009
	同步数据文件[0/5]C:\Program Files\PCAuto6\Project\x\DB\dat\HISTORY.MGR成功。
Thu Feb 05 09:24:48 2009
	====刷磁盘结束====
Thu Feb 05 09:29:49 2009
	====刷磁盘开始====
Thu Feb 05 09:29:49 2009
	拷贝C:\Program Files\PCAuto6\Project\x\DB\dat\HISTORY.MGR到C:\Program Files\PCAuto6\Project\x\DB\dat\HISTORYback.MGR成功。
Thu Feb 05 09:29:49 2009
	拷贝C:\Program Files\PCAuto6\Project\x\DB\dat\FcHisTagId.Inx到C:\Program Files\PCAuto6\Project\x\DB\dat\FcHisTagIdback.Inx成功。
Thu Feb 05 09:29:49 2009
	同步数据文件[0/5]C:\Program Files\PCAuto6\Project\x\DB\dat\HISTORY.MGR成功。
Thu Feb 05 09:29:49 2009
	====刷磁盘结束====
Thu Feb 05 09:55:59 2009
	====刷磁盘开始====
Thu Feb 05 09:55:59 2009
	拷贝C:\Program Files\PCAuto6\Project\x\DB\dat\HISTORY.MGR到C:\Program Files\PCAuto6\Project\x\DB\dat\HISTORYback.MGR成功。
Thu Feb 05 09:55:59 2009
	拷贝C:\Program Files\PCAuto6\Project\x\DB\dat\FcHisTagId.Inx到C:\Program Files\PCAuto6\Project\x\DB\dat\FcHisTagIdback.Inx成功。
Thu Feb 05 09:55:59 2009
	同步数据文件[0/5]C:\Program Files\PCAuto6\Project\x\DB\dat\HISTORY.MGR成功。
Thu Feb 05 09:55:59 2009
	====刷磁盘结束====
Thu Feb 05 10:01:00 2009
	====刷磁盘开始====
Thu Feb 05 10:01:00 2009
	拷贝C:\Program Files\PCAuto6\Project\x\DB\dat\HISTORY.MGR到C:\Program Files\PCAuto6\Project\x\DB\dat\HISTORYback.MGR成功。
Thu Feb 05 10:01:00 2009
	拷贝C:\Program Files\PCAuto6\Project\x\DB\dat\FcHisTagId.Inx到C:\Program Files\PCAuto6\Project\x\DB\dat\FcHisTagIdback.Inx成功。
Thu Feb 05 10:01:00 2009
	同步数据文件[0/5]C:\Program Files\PCAuto6\Project\x\DB\dat\HISTORY.MGR成功。
Thu Feb 05 10:01:00 2009
	====刷磁盘结束====
Thu Feb 05 10:06:01 2009
	====刷磁盘开始====
Thu Feb 05 10:06:01 2009
	拷贝C:\Program Files\PCAuto6\Project\x\DB\dat\HISTORY.MGR到C:\Program Files\PCAuto6\Project\x\DB\dat\HISTORYback.MGR成功。
Thu Feb 05 10:06:01 2009
	拷贝C:\Program Files\PCAuto6\Project\x\DB\dat\FcHisTagId.Inx到C:\Program Files\PCAuto6\Project\x\DB\dat\FcHisTagIdback.Inx成功。
Thu Feb 05 10:06:01 2009
	同步数据文件[0/5]C:\Program Files\PCAuto6\Project\x\DB\dat\HISTORY.MGR成功。
Thu Feb 05 10:06:01 2009
	====刷磁盘结束====
Thu Feb 05 10:11:02 2009
	====刷磁盘开始====
Thu Feb 05 10:11:02 2009
	拷贝C:\Program Files\PCAuto6\Project\x\DB\dat\HISTORY.MGR到C:\Program Files\PCAuto6\Project\x\DB\dat\HISTORYback.MGR成功。
Thu Feb 05 10:11:02 2009
	拷贝C:\Program Files\PCAuto6\Project\x\DB\dat\FcHisTagId.Inx到C:\Program Files\PCAuto6\Project\x\DB\dat\FcHisTagIdback.Inx成功。
Thu Feb 05 10:11:02 2009
	同步数据文件[0/5]C:\Program Files\PCAuto6\Project\x\DB\dat\HISTORY.MGR成功。
Thu Feb 05 10:11:02 2009
	====刷磁盘结束====
Thu Feb 05 10:16:03 2009
	====刷磁盘开始====
Thu Feb 05 10:16:03 2009
	拷贝C:\Program Files\PCAuto6\Project\x\DB\dat\HISTORY.MGR到C:\Program Files\PCAuto6\Project\x\DB\dat\HISTORYback.MGR成功。
Thu Feb 05 10:16:03 2009
	拷贝C:\Program Files\PCAuto6\Project\x\DB\dat\FcHisTagId.Inx到C:\Program Files\PCAuto6\Project\x\DB\dat\FcHisTagIdback.Inx成功。
Thu Feb 05 10:16:03 2009
	同步数据文件[0/5]C:\Program Files\PCAuto6\Project\x\DB\dat\HISTORY.MGR成功。
Thu Feb 05 10:16:03 2009
	====刷磁盘结束====
Thu Feb 05 10:21:04 2009
	====刷磁盘开始====
Thu Feb 05 10:21:04 2009
	拷贝C:\Program Files\PCAuto6\Project\x\DB\dat\HISTORY.MGR到C:\Program Files\PCAuto6\Project\x\DB\dat\HISTORYback.MGR成功。
Thu Feb 05 10:21:04 2009
	拷贝C:\Program Files\PCAuto6\Project\x\DB\dat\FcHisTagId.Inx到C:\Program Files\PCAuto6\Project\x\DB\dat\FcHisTagIdback.Inx成功。
Thu Feb 05 10:21:04 2009
	同步数据文件[0/5]C:\Program Files\PCAuto6\Project\x\DB\dat\HISTORY.MGR成功。
Thu Feb 05 10:21:04 2009
	====刷磁盘结束====
Thu Feb 05 10:26:05 2009
	====刷磁盘开始====
Thu Feb 05 10:26:05 2009
	拷贝C:\Program Files\PCAuto6\Project\x\DB\dat\HISTORY.MGR到C:\Program Files\PCAuto6\Project\x\DB\dat\HISTORYback.MGR成功。
Thu Feb 05 10:26:05 2009
	拷贝C:\Program Files\PCAuto6\Project\x\DB\dat\FcHisTagId.Inx到C:\Program Files\PCAuto6\Project\x\DB\dat\FcHisTagIdback.Inx成功。
Thu Feb 05 10:26:05 2009
	同步数据文件[0/5]C:\Program Files\PCAuto6\Project\x\DB\dat\HISTORY.MGR成功。
Thu Feb 05 10:26:05 2009
	====刷磁盘结束====
Thu Feb 05 10:31:06 2009
	====刷磁盘开始====
Thu Feb 05 10:31:06 2009
	拷贝C:\Program Files\PCAuto6\Project\x\DB\dat\HISTORY.MGR到C:\Program Files\PCAuto6\Project\x\DB\dat\HISTORYback.MGR成功。
Thu Feb 05 10:31:06 2009
	拷贝C:\Program Files\PCAuto6\Project\x\DB\dat\FcHisTagId.Inx到C:\Program Files\PCAuto6\Project\x\DB\dat\FcHisTagIdback.Inx成功。
Thu Feb 05 10:31:06 2009
	同步数据文件[0/5]C:\Program Files\PCAuto6\Project\x\DB\dat\HISTORY.MGR成功。
Thu Feb 05 10:31:06 2009
	====刷磁盘结束====
Thu Feb 05 10:36:07 2009
	====刷磁盘开始====
Thu Feb 05 10:36:07 2009
	拷贝C:\Program Files\PCAuto6\Project\x\DB\dat\HISTORY.MGR到C:\Program Files\PCAuto6\Project\x\DB\dat\HISTORYback.MGR成功。
Thu Feb 05 10:36:07 2009
	拷贝C:\Program Files\PCAuto6\Project\x\DB\dat\FcHisTagId.Inx到C:\Program Files\PCAuto6\Project\x\DB\dat\FcHisTagIdback.Inx成功。
Thu Feb 05 10:36:07 2009
	同步数据文件[0/5]C:\Program Files\PCAuto6\Project\x\DB\dat\HISTORY.MGR成功。
Thu Feb 05 10:36:07 2009
	====刷磁盘结束====
Thu Feb 05 10:41:08 2009
	====刷磁盘开始====
Thu Feb 05 10:41:08 2009
	拷贝C:\Program Files\PCAuto6\Project\x\DB\dat\HISTORY.MGR到C:\Program Files\PCAuto6\Project\x\DB\dat\HISTORYback.MGR成功。
Thu Feb 05 10:41:08 2009
	拷贝C:\Program Files\PCAuto6\Project\x\DB\dat\FcHisTagId.Inx到C:\Program Files\PCAuto6\Project\x\DB\dat\FcHisTagIdback.Inx成功。
Thu Feb 05 10:41:08 2009
	同步数据文件[0/5]C:\Program Files\PCAuto6\Project\x\DB\dat\HISTORY.MGR成功。
Thu Feb 05 10:41:08 2009
	====刷磁盘结束====
Thu Feb 05 10:46:09 2009
	====刷磁盘开始====
Thu Feb 05 10:46:09 2009
	拷贝C:\Program Files\PCAuto6\Project\x\DB\dat\HISTORY.MGR到C:\Program Files\PCAuto6\Project\x\DB\dat\HISTORYback.MGR成功。
Thu Feb 05 10:46:09 2009
	拷贝C:\Program Files\PCAuto6\Project\x\DB\dat\FcHisTagId.Inx到C:\Program Files\PCAuto6\Project\x\DB\dat\FcHisTagIdback.Inx成功。
Thu Feb 05 10:46:09 2009
	同步数据文件[0/5]C:\Program Files\PCAuto6\Project\x\DB\dat\HISTORY.MGR成功。
Thu Feb 05 10:46:09 2009
	====刷磁盘结束====
Thu Feb 05 10:51:10 2009
	====刷磁盘开始====
Thu Feb 05 10:51:10 2009
	拷贝C:\Program Files\PCAuto6\Project\x\DB\dat\HISTORY.MGR到C:\Program Files\PCAuto6\Project\x\DB\dat\HISTORYback.MGR成功。
Thu Feb 05 10:51:10 2009
	拷贝C:\Program Files\PCAuto6\Project\x\DB\dat\FcHisTagId.Inx到C:\Program Files\PCAuto6\Project\x\DB\dat\FcHisTagIdback.Inx成功。
Thu Feb 05 10:51:10 2009
	同步数据文件[0/5]C:\Program Files\PCAuto6\Project\x\DB\dat\HISTORY.MGR成功。
Thu Feb 05 10:51:10 2009
	====刷磁盘结束====
Thu Feb 05 11:43:00 2009
	====刷磁盘开始====
Thu Feb 05 11:43:00 2009
	拷贝C:\Program Files\PCAuto6\Project\x\DB\dat\HISTORY.MGR到C:\Program Files\PCAuto6\Project\x\DB\dat\HISTORYback.MGR成功。
Thu Feb 05 11:43:00 2009
	拷贝C:\Program Files\PCAuto6\Project\x\DB\dat\FcHisTagId.Inx到C:\Program Files\PCAuto6\Project\x\DB\dat\FcHisTagIdback.Inx成功。
Thu Feb 05 11:43:00 2009
	同步数据文件[0/5]C:\Program Files\PCAuto6\Project\x\DB\dat\HISTORY.MGR成功。
Thu Feb 05 11:43:00 2009
	====刷磁盘结束====
Thu Feb 05 11:48:01 2009
	====刷磁盘开始====
Thu Feb 05 11:48:01 2009
	拷贝C:\Program Files\PCAuto6\Project\x\DB\dat\HISTORY.MGR到C:\Program Files\PCAuto6\Project\x\DB\dat\HISTORYback.MGR成功。
Thu Feb 05 11:48:01 2009
	拷贝C:\Program Files\PCAuto6\Project\x\DB\dat\FcHisTagId.Inx到C:\Program Files\PCAuto6\Project\x\DB\dat\FcHisTagIdback.Inx成功。
Thu Feb 05 11:48:01 2009
	同步数据文件[0/5]C:\Program Files\PCAuto6\Project\x\DB\dat\HISTORY.MGR成功。
Thu Feb 05 11:48:01 2009
	====刷磁盘结束====
Thu Feb 05 11:53:02 2009
	====刷磁盘开始====
Thu Feb 05 11:53:02 2009
	拷贝C:\Program Files\PCAuto6\Project\x\DB\dat\HISTORY.MGR到C:\Program Files\PCAuto6\Project\x\DB\dat\HISTORYback.MGR成功。
Thu Feb 05 11:53:02 2009
	拷贝C:\Program Files\PCAuto6\Project\x\DB\dat\FcHisTagId.Inx到C:\Program Files\PCAuto6\Project\x\DB\dat\FcHisTagIdback.Inx成功。
Thu Feb 05 11:53:02 2009
	同步数据文件[0/5]C:\Program Files\PCAuto6\Project\x\DB\dat\HISTORY.MGR成功。
Thu Feb 05 11:53:02 2009
	====刷磁盘结束====
Thu Feb 05 11:58:03 2009
	====刷磁盘开始====
Thu Feb 05 11:58:03 2009
	拷贝C:\Program Files\PCAuto6\Project\x\DB\dat\HISTORY.MGR到C:\Program Files\PCAuto6\Project\x\DB\dat\HISTORYback.MGR成功。
Thu Feb 05 11:58:03 2009
	拷贝C:\Program Files\PCAuto6\Project\x\DB\dat\FcHisTagId.Inx到C:\Program Files\PCAuto6\Project\x\DB\dat\FcHisTagIdback.Inx成功。
Thu Feb 05 11:58:03 2009
	同步数据文件[0/5]C:\Program Files\PCAuto6\Project\x\DB\dat\HISTORY.MGR成功。
Thu Feb 05 11:58:03 2009
	====刷磁盘结束====
Thu Feb 05 12:03:04 2009
	====刷磁盘开始====
Thu Feb 05 12:03:04 2009
	拷贝C:\Program Files\PCAuto6\Project\x\DB\dat\HISTORY.MGR到C:\Program Files\PCAuto6\Project\x\DB\dat\HISTORYback.MGR成功。
Thu Feb 05 12:03:04 2009
	拷贝C:\Program Files\PCAuto6\Project\x\DB\dat\FcHisTagId.Inx到C:\Program Files\PCAuto6\Project\x\DB\dat\FcHisTagIdback.Inx成功。
Thu Feb 05 12:03:04 2009
	同步数据文件[0/5]C:\Program Files\PCAuto6\Project\x\DB\dat\HISTORY.MGR成功。
Thu Feb 05 12:03:04 2009
	====刷磁盘结束====
Thu Feb 05 12:08:05 2009
	====刷磁盘开始====
Thu Feb 05 12:08:05 2009
	拷贝C:\Program Files\PCAuto6\Project\x\DB\dat\HISTORY.MGR到C:\Program Files\PCAuto6\Project\x\DB\dat\HISTORYback.MGR成功。
Thu Feb 05 12:08:05 2009
	拷贝C:\Program Files\PCAuto6\Project\x\DB\dat\FcHisTagId.Inx到C:\Program Files\PCAuto6\Project\x\DB\dat\FcHisTagIdback.Inx成功。
Thu Feb 05 12:08:05 2009
	同步数据文件[0/5]C:\Program Files\PCAuto6\Project\x\DB\dat\HISTORY.MGR成功。
Thu Feb 05 12:08:05 2009
	====刷磁盘结束====
Thu Feb 05 12:13:06 2009
	====刷磁盘开始====
Thu Feb 05 12:13:06 2009
	拷贝C:\Program Files\PCAuto6\Project\x\DB\dat\HISTORY.MGR到C:\Program Files\PCAuto6\Project\x\DB\dat\HISTORYback.MGR成功。
Thu Feb 05 12:13:06 2009
	拷贝C:\Program Files\PCAuto6\Project\x\DB\dat\FcHisTagId.Inx到C:\Program Files\PCAuto6\Project\x\DB\dat\FcHisTagIdback.Inx成功。
Thu Feb 05 12:13:06 2009
	同步数据文件[0/5]C:\Program Files\PCAuto6\Project\x\DB\dat\HISTORY.MGR成功。
Thu Feb 05 12:13:06 2009
	====刷磁盘结束====
Thu Feb 05 12:18:07 2009
	====刷磁盘开始====
Thu Feb 05 12:18:07 2009
	拷贝C:\Program Files\PCAuto6\Project\x\DB\dat\HISTORY.MGR到C:\Program Files\PCAuto6\Project\x\DB\dat\HISTORYback.MGR成功。
Thu Feb 05 12:18:07 2009
	拷贝C:\Program Files\PCAuto6\Project\x\DB\dat\FcHisTagId.Inx到C:\Program Files\PCAuto6\Project\x\DB\dat\FcHisTagIdback.Inx成功。
Thu Feb 05 12:18:07 2009
	同步数据文件[0/5]C:\Program Files\PCAuto6\Project\x\DB\dat\HISTORY.MGR成功。
Thu Feb 05 12:18:07 2009
	====刷磁盘结束====
Thu Feb 05 12:23:08 2009
	====刷磁盘开始====
Thu Feb 05 12:23:08 2009
	拷贝C:\Program Files\PCAuto6\Project\x\DB\dat\HISTORY.MGR到C:\Program Files\PCAuto6\Project\x\DB\dat\HISTORYback.MGR成功。
Thu Feb 05 12:23:08 2009
	拷贝C:\Program Files\PCAuto6\Project\x\DB\dat\FcHisTagId.Inx到C:\Program Files\PCAuto6\Project\x\DB\dat\FcHisTagIdback.Inx成功。
Thu Feb 05 12:23:08 2009
	同步数据文件[0/5]C:\Program Files\PCAuto6\Project\x\DB\dat\HISTORY.MGR成功。
Thu Feb 05 12:23:08 2009
	====刷磁盘结束====
Thu Feb 05 12:28:09 2009
	====刷磁盘开始====
Thu Feb 05 12:28:09 2009
	拷贝C:\Program Files\PCAuto6\Project\x\DB\dat\HISTORY.MGR到C:\Program Files\PCAuto6\Project\x\DB\dat\HISTORYback.MGR成功。
Thu Feb 05 12:28:09 2009
	拷贝C:\Program Files\PCAuto6\Project\x\DB\dat\FcHisTagId.Inx到C:\Program Files\PCAuto6\Project\x\DB\dat\FcHisTagIdback.Inx成功。
Thu Feb 05 12:28:09 2009
	同步数据文件[0/5]C:\Program Files\PCAuto6\Project\x\DB\dat\HISTORY.MGR成功。
Thu Feb 05 12:28:09 2009
	====刷磁盘结束====
Thu Feb 05 12:33:10 2009
	====刷磁盘开始====
Thu Feb 05 12:33:10 2009
	拷贝C:\Program Files\PCAuto6\Project\x\DB\dat\HISTORY.MGR到C:\Program Files\PCAuto6\Project\x\DB\dat\HISTORYback.MGR成功。
Thu Feb 05 12:33:10 2009
	拷贝C:\Program Files\PCAuto6\Project\x\DB\dat\FcHisTagId.Inx到C:\Program Files\PCAuto6\Project\x\DB\dat\FcHisTagIdback.Inx成功。
Thu Feb 05 12:33:10 2009
	同步数据文件[0/5]C:\Program Files\PCAuto6\Project\x\DB\dat\HISTORY.MGR成功。
Thu Feb 05 12:33:10 2009
	====刷磁盘结束====
Thu Feb 05 12:38:11 2009
	====刷磁盘开始====
Thu Feb 05 12:38:11 2009
	拷贝C:\Program Files\PCAuto6\Project\x\DB\dat\HISTORY.MGR到C:\Program Files\PCAuto6\Project\x\DB\dat\HISTORYback.MGR成功。
Thu Feb 05 12:38:11 2009
	拷贝C:\Program Files\PCAuto6\Project\x\DB\dat\FcHisTagId.Inx到C:\Program Files\PCAuto6\Project\x\DB\dat\FcHisTagIdback.Inx成功。
Thu Feb 05 12:38:11 2009
	同步数据文件[0/5]C:\Program Files\PCAuto6\Project\x\DB\dat\HISTORY.MGR成功。
Thu Feb 05 12:38:11 2009
	====刷磁盘结束====
