桑园一体化测井通讯记录
2011-05-07



时间: 2011-4-18 14:35:59
操作: ReadRecordIndex
结果: 数据错误, 期望 '03', 实际 '33',
发送: 01-03-00-0A-00-01-A4-08
接收: 31-33-39-30-30-30-30-30-30-30-31

时间: 2011-4-18 14:36:59
操作: ReadRecordIndex
结果: 数据错误, 期望 '03', 实际 '33',
发送: 01-03-00-0A-00-01-A4-08
接收: 31-33-39-30-30-30-30-30-30-30-31

时间: 2011-4-18 14:37:59
操作: ReadRecordIndex
结果: 数据错误, 期望 '03', 实际 '33',
发送: 01-03-00-0A-00-01-A4-08
接收: 31-33-39-30-30-30-30-30-30-30-31

时间: 2011-4-18 14:38:59
操作: ReadRecordIndex
结果: 数据错误, 期望 '03', 实际 '33',
发送: 01-03-00-0A-00-01-A4-08
接收: 31-33-39-30-30-30-30-30-30-30-31

时间: 2011-4-18 14:39:59
操作: ReadRecordIndex
结果: 数据错误, 期望 '03', 实际 '33',
发送: 01-03-00-0A-00-01-A4-08
接收: 31-33-39-30-30-30-30-30-30-30-31-01-03-02-01-33-F9-C1

时间: 2011-4-18 14:40:59
操作: ReadRecordIndex
结果: 数据错误, 期望 '03', 实际 '33',
发送: 01-03-00-0A-00-01-A4-08
接收: 31-33-39-30-30-30-30-30-30-30-31-01-03-02-01-34-B8-03

时间: 2011-4-18 14:41:59
操作: ReadRecordIndex
结果: 数据错误, 期望 '03', 实际 '33',
发送: 01-03-00-0A-00-01-A4-08
接收: 31-33-39-30-30-30-30-30-30-30-31-01-03-02-01-35-79-C3

时间: 2011-4-18 14:42:59
操作: ReadRecordIndex
结果: 数据错误, 期望 '03', 实际 '33',
发送: 01-03-00-0A-00-01-A4-08
接收: 31-33-39-30-30-30-30-30-30-30-31-01-03-02-01-36-39-C2

时间: 2011-4-18 14:43:59
操作: ReadRecordIndex
结果: 长度错误, 期望 '7', 实际 '0',
发送: 01-03-00-0A-00-01-A4-08
接收: 

时间: 2011-4-18 14:44:59
操作: ReadRecordIndex
结果: 长度错误, 期望 '7', 实际 '0',
发送: 01-03-00-0A-00-01-A4-08
接收: 

时间: 2011-4-18 14:45:59
操作: ReadRecordIndex
结果: 长度错误, 期望 '7', 实际 '0',
发送: 01-03-00-0A-00-01-A4-08
接收: 

时间: 2011-4-18 14:46:59
操作: ReadRecordIndex
结果: 长度错误, 期望 '7', 实际 '0',
发送: 01-03-00-0A-00-01-A4-08
接收: 

时间: 2011-4-18 14:47:59
操作: ReadRecordIndex
结果: 长度错误, 期望 '7', 实际 '0',
发送: 01-03-00-0A-00-01-A4-08
接收: 

时间: 2011-4-18 14:48:59
操作: ReadRecordIndex
结果: 长度错误, 期望 '7', 实际 '0',
发送: 01-03-00-0A-00-01-A4-08
接收: 

时间: 2011-4-18 14:49:59
操作: ReadRecordIndex
结果: 长度错误, 期望 '7', 实际 '0',
发送: 01-03-00-0A-00-01-A4-08
接收: 

时间: 2011-4-18 14:50:59
操作: ReadRecordIndex
结果: 长度错误, 期望 '7', 实际 '0',
发送: 01-03-00-0A-00-01-A4-08
接收: 

时间: 2011-4-18 14:51:59
操作: ReadRecordIndex
结果: 长度错误, 期望 '7', 实际 '0',
发送: 01-03-00-0A-00-01-A4-08
接收: 

时间: 2011-4-18 14:52:59
操作: ReadRecordIndex
结果: 长度错误, 期望 '7', 实际 '0',
发送: 01-03-00-0A-00-01-A4-08
接收: 

时间: 2011-4-18 14:53:59
操作: ReadRecordIndex
结果: 长度错误, 期望 '7', 实际 '0',
发送: 01-03-00-0A-00-01-A4-08
接收: 

时间: 2011-4-18 14:54:59
操作: ReadRecordIndex
结果: 长度错误, 期望 '7', 实际 '0',
发送: 01-03-00-0A-00-01-A4-08
接收: 

时间: 2011-4-18 14:55:59
操作: ReadRecordIndex
结果: 长度错误, 期望 '7', 实际 '0',
发送: 01-03-00-0A-00-01-A4-08
接收: 

时间: 2011-4-18 14:56:59
操作: ReadRecordIndex
结果: 长度错误, 期望 '7', 实际 '0',
发送: 01-03-00-0A-00-01-A4-08
接收: 

时间: 2011-4-18 14:57:59
操作: ReadRecordIndex
结果: 长度错误, 期望 '7', 实际 '0',
发送: 01-03-00-0A-00-01-A4-08
接收: 

时间: 2011-4-18 14:58:59
操作: ReadRecordIndex
结果: 长度错误, 期望 '7', 实际 '0',
发送: 01-03-00-0A-00-01-A4-08
接收: 

时间: 2011-4-18 14:59:59
操作: ReadRecordIndex
结果: 长度错误, 期望 '7', 实际 '0',
发送: 01-03-00-0A-00-01-A4-08
接收: 

时间: 2011-4-18 15:00:59
操作: ReadRecordIndex
结果: 长度错误, 期望 '7', 实际 '0',
发送: 01-03-00-0A-00-01-A4-08
接收: 

时间: 2011-4-18 15:01:59
操作: ReadRecordIndex
结果: 长度错误, 期望 '7', 实际 '0',
发送: 01-03-00-0A-00-01-A4-08
接收: 

时间: 2011-4-18 15:02:59
操作: ReadRecordIndex
结果: 长度错误, 期望 '7', 实际 '0',
发送: 01-03-00-0A-00-01-A4-08
接收: 

时间: 2011-4-18 15:03:59
操作: ReadRecordIndex
结果: 长度错误, 期望 '7', 实际 '0',
发送: 01-03-00-0A-00-01-A4-08
接收: 

时间: 2011-4-18 15:04:59
操作: ReadRecordIndex
结果: 长度错误, 期望 '7', 实际 '0',
发送: 01-03-00-0A-00-01-A4-08
接收: 

时间: 2011-4-18 15:05:59
操作: ReadRecordIndex
结果: 数据错误, 期望 '03', 实际 '33',
发送: 01-03-00-0A-00-01-A4-08
接收: 31-33-39-30-30-30-30-30-30-30-31

时间: 2011-4-18 15:06:59
操作: ReadRecordIndex
结果: 成功
发送: 01-03-00-0A-00-01-A4-08
接收: 01-03-02-01-4E-39-E0

时间: 2011-4-18 15:07:10
操作: Down
结果: 长度错误, 期望 '8', 实际 '0',
发送: 01-10-00-A2-00-01-02-00-00-BF-12
接收: 

时间: 2011-4-18 15:07:59
操作: ReadRecordIndex
结果: 数据错误, 期望 '03', 实际 '33',
发送: 01-03-00-0A-00-01-A4-08
接收: 31-33-39-30-30-30-30-30-30-30-31

时间: 2011-4-18 15:08:59
操作: ReadRecordIndex
结果: 成功
发送: 01-03-00-0A-00-01-A4-08
接收: 01-03-02-01-50-B9-E8

时间: 2011-4-18 15:09:10
操作: ReadRecord
结果: 长度错误, 期望 '28', 实际 '0',
发送: 01-20-01-4F-40-76
接收: 

时间: 2011-4-18 15:09:20
操作: ReadRecord
结果: 长度错误, 期望 '28', 实际 '0',
发送: 01-20-01-50-01-BE
接收: 

时间: 2011-4-18 15:09:31
操作: Down
结果: 长度错误, 期望 '8', 实际 '0',
发送: 01-10-00-A2-00-01-02-00-00-BF-12
接收: 

时间: 2011-4-18 15:09:59
操作: ReadRecordIndex
结果: 数据错误, 期望 '03', 实际 '33',
发送: 01-03-00-0A-00-01-A4-08
接收: 31-33-39-30-30-30-30-30-30-30-31-01-03-02-01-51-78-28

时间: 2011-4-18 15:10:59
操作: ReadRecordIndex
结果: 数据错误, 期望 '03', 实际 '33',
发送: 01-03-00-0A-00-01-A4-08
接收: 31-33-39-30-30-30-30-30-30-30-31

时间: 2011-4-18 15:11:59
操作: ReadRecordIndex
结果: 数据错误, 期望 '03', 实际 '33',
发送: 01-03-00-0A-00-01-A4-08
接收: 31-33-39-30-30-30-30-30-30-30-31

时间: 2011-4-18 15:12:59
操作: ReadRecordIndex
结果: 成功
发送: 01-03-00-0A-00-01-A4-08
接收: 01-03-02-01-54-B8-2B

时间: 2011-4-18 15:13:10
操作: ReadRecord
结果: 成功
发送: 01-20-01-51-C0-7E
接收: 01-20-1C-01-51-00-0B-00-04-00-12-00-0F-00-0C-00-0F-05-AA-00-00-00-00-00-00-00-00-00-00-00-00-8C-FA

时间: 2011-4-18 15:13:20
操作: ReadRecord
结果: 成功
发送: 01-20-01-52-80-7F
接收: 01-20-1C-01-52-00-0B-00-04-00-12-00-0F-00-0D-00-0F-05-AA-00-00-00-00-00-00-00-00-00-00-00-00-DC-AD

时间: 2011-4-18 15:13:30
操作: ReadRecord
结果: 成功
发送: 01-20-01-53-41-BF
接收: 01-20-1C-01-53-00-0B-00-04-00-12-00-0F-00-0E-00-0F-05-AA-00-00-00-00-00-00-00-00-00-00-00-00-D2-DF

时间: 2011-4-18 15:13:40
操作: ReadRecord
结果: 成功
发送: 01-20-01-54-00-7D
接收: 01-20-1C-01-54-00-0B-00-04-00-12-00-0F-00-0F-00-0F-05-AA-00-00-00-00-00-00-00-00-00-00-00-00-7C-03

时间: 2011-4-18 15:13:51
操作: Down
结果: 成功
发送: 01-10-00-A2-00-01-02-00-00-BF-12
接收: 01-10-00-A2-00-01-A0-2B

时间: 2011-4-18 15:14:01
操作: ReadRecordIndex
结果: 成功
发送: 01-03-00-0A-00-01-A4-08
接收: 01-03-02-01-55-79-EB

时间: 2011-4-18 15:14:12
操作: ReadRecord
结果: 成功
发送: 01-20-01-55-C1-BD
接收: 01-20-1C-01-55-00-0B-00-04-00-12-00-0F-00-10-00-0F-05-AA-00-00-00-00-00-00-00-00-00-00-00-00-BA-B7

时间: 2011-4-18 15:14:23
操作: Down
结果: 成功
发送: 01-10-00-A2-00-01-02-00-00-BF-12
接收: 01-10-00-A2-00-01-A0-2B

时间: 2011-4-18 15:15:01
操作: ReadRecordIndex
结果: 长度错误, 期望 '7', 实际 '0',
发送: 01-03-00-0A-00-01-A4-08
接收: 

时间: 2011-4-18 15:16:01
操作: ReadRecordIndex
结果: 长度错误, 期望 '7', 实际 '0',
发送: 01-03-00-0A-00-01-A4-08
接收: 

时间: 2011-4-18 15:17:01
操作: ReadRecordIndex
结果: 长度错误, 期望 '7', 实际 '0',
发送: 01-03-00-0A-00-01-A4-08
接收: 

时间: 2011-4-18 15:18:01
操作: ReadRecordIndex
结果: 长度错误, 期望 '7', 实际 '0',
发送: 01-03-00-0A-00-01-A4-08
接收: 

时间: 2011-4-18 15:19:01
操作: ReadRecordIndex
结果: 长度错误, 期望 '7', 实际 '0',
发送: 01-03-00-0A-00-01-A4-08
接收: 

时间: 2011-4-18 15:20:01
操作: ReadRecordIndex
结果: 长度错误, 期望 '7', 实际 '0',
发送: 01-03-00-0A-00-01-A4-08
接收: 

时间: 2011-4-18 15:21:01
操作: ReadRecordIndex
结果: 长度错误, 期望 '7', 实际 '0',
发送: 01-03-00-0A-00-01-A4-08
接收: 

时间: 2011-4-18 15:22:01
操作: ReadRecordIndex
结果: 长度错误, 期望 '7', 实际 '0',
发送: 01-03-00-0A-00-01-A4-08
接收: 

时间: 2011-4-18 15:23:01
操作: ReadRecordIndex
结果: 长度错误, 期望 '7', 实际 '0',
发送: 01-03-00-0A-00-01-A4-08
接收: 

时间: 2011-4-18 15:24:01
操作: ReadRecordIndex
结果: 长度错误, 期望 '7', 实际 '0',
发送: 01-03-00-0A-00-01-A4-08
接收: 

时间: 2011-4-18 15:25:01
操作: ReadRecordIndex
结果: 长度错误, 期望 '7', 实际 '0',
发送: 01-03-00-0A-00-01-A4-08
接收: 

时间: 2011-4-18 15:26:01
操作: ReadRecordIndex
结果: 长度错误, 期望 '7', 实际 '0',
发送: 01-03-00-0A-00-01-A4-08
接收: 

时间: 2011-4-18 15:27:01
操作: ReadRecordIndex
结果: 长度错误, 期望 '7', 实际 '0',
发送: 01-03-00-0A-00-01-A4-08
接收: 

时间: 2011-4-18 15:28:01
操作: ReadRecordIndex
结果: 长度错误, 期望 '7', 实际 '0',
发送: 01-03-00-0A-00-01-A4-08
接收: 

时间: 2011-4-18 15:29:01
操作: ReadRecordIndex
结果: 长度错误, 期望 '7', 实际 '0',
发送: 01-03-00-0A-00-01-A4-08
接收: 

时间: 2011-4-18 15:30:01
操作: ReadRecordIndex
结果: 长度错误, 期望 '7', 实际 '0',
发送: 01-03-00-0A-00-01-A4-08
接收: 

时间: 2011-4-18 15:31:01
操作: ReadRecordIndex
结果: 数据错误, 期望 '03', 实际 '33',
发送: 01-03-00-0A-00-01-A4-08
接收: 31-33-39-30-30-30-30-30-30-30-31

时间: 2011-4-18 15:32:01
操作: ReadRecordIndex
结果: 数据错误, 期望 '03', 实际 '33',
发送: 01-03-00-0A-00-01-A4-08
接收: 31-33-39-30-30-30-30-30-30-30-31

时间: 2011-4-18 15:33:01
操作: ReadRecordIndex
结果: 数据错误, 期望 '03', 实际 '33',
发送: 01-03-00-0A-00-01-A4-08
接收: 31-33-39-30-30-30-30-30-30-30-31

时间: 2011-4-18 15:34:01
操作: ReadRecordIndex
结果: 数据错误, 期望 '03', 实际 '33',
发送: 01-03-00-0A-00-01-A4-08
接收: 31-33-39-30-30-30-30-30-30-30-31

时间: 2011-4-18 15:35:01
操作: ReadRecordIndex
结果: 数据错误, 期望 '03', 实际 '33',
发送: 01-03-00-0A-00-01-A4-08
接收: 31-33-39-30-30-30-30-30-30-30-31

时间: 2011-4-18 15:36:01
操作: ReadRecordIndex
结果: 数据错误, 期望 '03', 实际 '33',
发送: 01-03-00-0A-00-01-A4-08
接收: 31-33-39-30-30-30-30-30-30-30-31-01-03-02-01-6B-F8-3B

时间: 2011-4-18 15:37:01
操作: ReadRecordIndex
结果: 数据错误, 期望 '03', 实际 '33',
发送: 01-03-00-0A-00-01-A4-08
接收: 31-33-39-30-30-30-30-30-30-30-31

时间: 2011-4-18 15:38:01
操作: ReadRecordIndex
结果: 成功
发送: 01-03-00-0A-00-01-A4-08
接收: 01-03-02-01-6D-78-39

时间: 2011-4-18 15:38:12
操作: ReadRecord
结果: 成功
发送: 01-20-01-56-81-BC
接收: 01-20-1C-01-56-00-0B-00-04-00-12-00-0F-00-11-00-0F-05-AA-00-00-00-00-00-00-00-00-00-00-00-00-EA-E0

时间: 2011-4-18 15:38:22
操作: ReadRecord
结果: 成功
发送: 01-20-01-57-40-7C
接收: 01-20-1C-01-57-00-0B-00-04-00-12-00-0F-00-12-00-0F-05-AA-00-00-00-00-00-00-00-00-00-00-00-00-E4-92

时间: 2011-4-18 15:38:32
操作: ReadRecord
结果: 成功
发送: 01-20-01-58-00-78
接收: 01-20-1C-01-58-00-0B-00-04-00-12-00-0F-00-13-00-0F-05-AA-00-00-00-00-00-00-00-00-00-00-00-00-B5-19

时间: 2011-4-18 15:38:42
操作: ReadRecord
结果: 成功
发送: 01-20-01-59-C1-B8
接收: 01-20-1C-01-59-00-0B-00-04-00-12-00-0F-00-14-00-0F-05-AA-00-00-00-00-00-00-00-00-00-00-00-00-F9-AA

时间: 2011-4-18 15:38:52
操作: ReadRecord
结果: 成功
发送: 01-20-01-5A-81-B9
接收: 01-20-1C-01-5A-00-0B-00-04-00-12-00-0F-00-15-00-0F-05-AA-00-00-00-00-00-00-00-00-00-00-00-00-A9-FD

时间: 2011-4-18 15:39:02
操作: ReadRecordIndex
结果: 成功
发送: 01-03-00-0A-00-01-A4-08
接收: 01-03-02-01-6E-38-38

时间: 2011-4-18 15:39:12
操作: ReadRecord
结果: 成功
发送: 01-20-01-5B-40-79
接收: 01-20-1C-01-5B-00-0B-00-04-00-12-00-0F-00-16-00-0F-05-AA-00-00-00-00-00-00-00-00-00-00-00-00-A7-8F

时间: 2011-4-18 15:39:22
操作: ReadRecord
结果: 成功
发送: 01-20-01-5C-01-BB
接收: 01-20-1C-01-5C-00-0B-00-04-00-12-00-0F-00-17-00-0F-05-AA-00-00-00-00-00-00-00-00-00-00-00-00-09-53

时间: 2011-4-18 15:39:32
操作: ReadRecord
结果: 成功
发送: 01-20-01-5D-C0-7B
接收: 01-20-1C-01-5D-00-0B-00-04-00-12-00-0F-00-18-00-0F-05-AA-00-00-00-00-00-00-00-00-00-00-00-00-C2-22

时间: 2011-4-18 15:39:42
操作: ReadRecord
结果: 成功
发送: 01-20-01-5E-80-7A
接收: 01-20-1C-01-5E-00-0B-00-04-00-12-00-0F-00-19-00-0F-05-AA-00-00-00-00-00-00-00-00-00-00-00-00-92-75

时间: 2011-4-18 15:39:52
操作: ReadRecord
结果: 成功
发送: 01-20-01-5F-41-BA
接收: 01-20-1C-01-5F-00-0B-00-04-00-12-00-0F-00-1A-00-0F-05-AA-00-00-00-00-00-00-00-00-00-00-00-00-9C-07

时间: 2011-4-18 15:40:02
操作: ReadRecord
结果: 成功
发送: 01-20-01-60-01-AA
接收: 01-20-1C-01-60-00-0B-00-04-00-12-00-0F-00-1B-00-0F-05-AA-00-00-00-00-00-00-00-00-00-00-00-00-CC-3C

时间: 2011-4-18 15:40:12
操作: ReadRecord
结果: 成功
发送: 01-20-01-61-C0-6A
接收: 01-20-1C-01-61-00-0B-00-04-00-12-00-0F-00-1C-00-0F-05-AA-00-00-00-00-00-00-00-00-00-00-00-00-80-8F

时间: 2011-4-18 15:40:22
操作: ReadRecord
结果: 成功
发送: 01-20-01-62-80-6B
接收: 01-20-1C-01-62-00-0B-00-04-00-12-00-0F-00-1D-00-0F-05-AA-00-00-00-00-00-00-00-00-00-00-00-00-D0-D8

时间: 2011-4-18 15:40:32
操作: ReadRecord
结果: 成功
发送: 01-20-01-63-41-AB
接收: 01-20-1C-01-63-00-0B-00-04-00-12-00-0F-00-1E-00-0F-05-AA-00-00-00-00-00-00-00-00-00-00-00-00-DE-AA

时间: 2011-4-18 15:40:42
操作: ReadRecord
结果: 成功
发送: 01-20-01-64-00-69
接收: 01-20-1C-01-64-00-0B-00-04-00-12-00-0F-00-1F-00-0F-05-AA-00-00-00-00-00-00-00-00-00-00-00-00-70-76

时间: 2011-4-18 15:40:52
操作: ReadRecord
结果: 成功
发送: 01-20-01-65-C1-A9
接收: 01-20-1C-01-65-00-0B-00-04-00-12-00-0F-00-20-00-0F-05-AA-00-00-00-00-00-00-00-00-00-00-00-00-AF-08

时间: 2011-4-18 15:41:02
操作: ReadRecord
结果: 成功
发送: 01-20-01-66-81-A8
接收: 01-20-1C-01-66-00-0B-00-04-00-12-00-0F-00-21-00-0F-05-AA-00-00-00-00-00-00-00-00-00-00-00-00-FF-5F

时间: 2011-4-18 15:41:12
操作: ReadRecord
结果: 成功
发送: 01-20-01-67-40-68
接收: 01-20-1C-01-67-00-0B-00-04-00-12-00-0F-00-22-00-0F-05-AA-00-00-00-00-00-00-00-00-00-00-00-00-F1-2D

时间: 2011-4-18 15:41:22
操作: ReadRecord
结果: 成功
发送: 01-20-01-68-00-6C
接收: 01-20-1C-01-68-00-0B-00-04-00-12-00-0F-00-23-00-0F-05-AA-00-00-00-00-00-00-00-00-00-00-00-00-A0-A6

时间: 2011-4-18 15:41:32
操作: ReadRecord
结果: 成功
发送: 01-20-01-69-C1-AC
接收: 01-20-1C-01-69-00-0B-00-04-00-12-00-0F-00-24-00-0F-05-AA-00-00-00-00-00-00-00-00-00-00-00-00-EC-15

时间: 2011-4-18 15:41:42
操作: ReadRecord
结果: 成功
发送: 01-20-01-6A-81-AD
接收: 01-20-1C-01-6A-00-0B-00-04-00-12-00-0F-00-25-00-0F-05-AA-00-00-00-00-00-00-00-00-00-00-00-00-BC-42

时间: 2011-4-18 15:41:52
操作: ReadRecord
结果: 成功
发送: 01-20-01-6B-40-6D
接收: 01-20-1C-01-6B-00-0B-00-04-00-12-00-0F-00-26-00-0F-05-AA-00-00-00-00-00-00-00-00-00-00-00-00-B2-30

时间: 2011-4-18 15:42:02
操作: ReadRecord
结果: 成功
发送: 01-20-01-6C-01-AF
接收: 01-20-1C-01-6C-00-0B-00-04-00-12-00-0F-00-27-00-0F-05-AA-00-00-00-00-00-00-00-00-00-00-00-00-1C-EC

时间: 2011-4-18 15:42:12
操作: ReadRecord
结果: 成功
发送: 01-20-01-6D-C0-6F
接收: 01-20-1C-01-6D-00-0B-00-04-00-12-00-0F-00-28-00-0F-05-AA-00-00-00-00-00-00-00-00-00-00-00-00-D7-9D

时间: 2011-4-18 15:42:22
操作: ReadRecordIndex
结果: 成功
发送: 01-03-00-0A-00-01-A4-08
接收: 01-03-02-01-71-79-F0

时间: 2011-4-18 15:42:32
操作: ReadRecord
结果: 成功
发送: 01-20-01-6E-80-6E
接收: 01-20-1C-01-6E-00-0B-00-04-00-12-00-0F-00-29-00-0F-05-AA-00-00-00-00-00-00-00-00-00-00-00-00-87-CA

时间: 2011-4-18 15:42:42
操作: ReadRecord
结果: 成功
发送: 01-20-01-6F-41-AE
接收: 01-20-1C-01-6F-00-0B-00-04-00-12-00-0F-00-2A-00-0F-05-AA-00-00-00-00-00-00-00-00-00-00-00-00-89-B8

时间: 2011-4-18 15:42:52
操作: ReadRecord
结果: 成功
发送: 01-20-01-70-00-66
接收: 01-20-1C-01-70-00-0B-00-04-00-12-00-0F-00-2B-00-0F-05-AA-00-00-00-00-00-00-00-00-00-00-00-00-26-9C-01-20-1C-01-70-00-0B-00-04-00-12-00-0F-00-2B-00-0F-05-AA-00-00-00-00-00-00-00-00-00-00-00-00-26-9C

时间: 2011-4-18 15:43:02
操作: ReadRecord
结果: 成功
发送: 01-20-01-71-C1-A6
接收: 01-20-1C-01-71-00-0B-00-04-00-12-00-0F-00-2C-00-0F-05-AA-00-00-00-00-00-00-00-00-00-00-00-00-6A-2F

时间: 2011-4-18 15:43:13
操作: Down
结果: 成功
发送: 01-10-00-A2-00-01-02-00-00-BF-12
接收: 01-10-00-A2-00-01-A0-2B

时间: 2011-4-18 15:43:23
操作: ReadRecordIndex
结果: 成功
发送: 01-03-00-0A-00-01-A4-08
接收: 01-03-02-01-72-39-F1

时间: 2011-4-18 15:43:34
操作: ReadRecord
结果: 长度错误, 期望 '28', 实际 '0',
发送: 01-20-01-72-81-A7
接收: 

时间: 2011-4-18 15:43:45
操作: Down
结果: 长度错误, 期望 '8', 实际 '0',
发送: 01-10-00-A2-00-01-02-00-00-BF-12
接收: 

时间: 2011-4-18 15:44:23
操作: ReadRecordIndex
结果: 数据错误, 期望 '03', 实际 '33',
发送: 01-03-00-0A-00-01-A4-08
接收: 31-33-39-30-30-30-30-30-30-30-31-01-03-02-01-73-F8-31

时间: 2011-4-18 15:45:23
操作: ReadRecordIndex
结果: 数据错误, 期望 '03', 实际 '33',
发送: 01-03-00-0A-00-01-A4-08
接收: 31-33-39-30-30-30-30-30-30-30-31

时间: 2011-4-18 15:46:23
操作: ReadRecordIndex
结果: 数据错误, 期望 '03', 实际 '33',
发送: 01-03-00-0A-00-01-A4-08
接收: 31-33-39-30-30-30-30-30-30-30-31-01-03-02-01-75-78-33

时间: 2011-4-18 15:47:23
操作: ReadRecordIndex
结果: 成功
发送: 01-03-00-0A-00-01-A4-08
接收: 01-03-02-01-76-38-32

时间: 2011-4-18 15:47:34
操作: ReadRecord
结果: 成功
发送: 01-20-01-73-40-67
接收: 01-20-1C-01-73-00-0B-00-04-00-12-00-0F-00-2E-00-0F-05-AA-00-00-00-00-00-00-00-00-00-00-00-00-34-0A

时间: 2011-4-18 15:47:44
操作: ReadRecord
结果: 成功
发送: 01-20-01-74-01-A5
接收: 01-20-1C-01-74-00-0B-00-04-00-12-00-0F-00-2F-00-0F-05-AA-00-00-00-00-00-00-00-00-00-00-00-00-9A-D6

时间: 2011-4-18 15:47:54
操作: ReadRecord
结果: 成功
发送: 01-20-01-75-C0-65
接收: 01-20-1C-01-75-00-0B-00-04-00-12-00-0F-00-30-00-0F-05-AA-00-00-00-00-00-00-00-00-00-00-00-00-5C-62

时间: 2011-4-18 15:48:04
操作: ReadRecord
结果: 成功
发送: 01-20-01-76-80-64
接收: 01-20-1C-01-76-00-0B-00-04-00-12-00-0F-00-31-00-0F-05-AA-00-00-00-00-00-00-00-00-00-00-00-00-0C-35

时间: 2011-4-18 15:48:15
操作: Down
结果: 成功
发送: 01-10-00-A2-00-01-02-00-00-BF-12
接收: 01-10-00-A2-00-01-A0-2B

时间: 2011-4-18 15:48:25
操作: ReadRecordIndex
结果: 成功
发送: 01-03-00-0A-00-01-A4-08
接收: 01-03-02-01-77-F9-F2

时间: 2011-4-18 15:48:36
操作: ReadRecord
结果: 成功
发送: 01-20-01-77-41-A4
接收: 01-20-1C-01-77-00-0B-00-04-00-12-00-0F-00-32-00-0F-05-AA-00-00-00-00-00-00-00-00-00-00-00-00-02-47

01-20-1C-01-77-00-0B-00-04-00-12-00-0F-00-32-00-0F-05-AA-00-00-00-00-00-00-00-00-00-00-00-00-02-47

时间: 2011-4-18 15:48:47
操作: Down
结果: 长度错误, 期望 '8', 实际 '0',
发送: 01-10-00-A2-00-01-02-00-00-BF-12
接收: 

时间: 2011-4-18 15:49:25
操作: ReadRecordIndex
结果: 长度错误, 期望 '7', 实际 '0',
发送: 01-03-00-0A-00-01-A4-08
接收: 

时间: 2011-4-18 15:50:25
操作: ReadRecordIndex
结果: 长度错误, 期望 '7', 实际 '0',
发送: 01-03-00-0A-00-01-A4-08
接收: 

时间: 2011-4-18 15:51:25
操作: ReadRecordIndex
结果: 长度错误, 期望 '7', 实际 '0',
发送: 01-03-00-0A-00-01-A4-08
接收: 

时间: 2011-4-18 15:52:25
操作: ReadRecordIndex
结果: 长度错误, 期望 '7', 实际 '0',
发送: 01-03-00-0A-00-01-A4-08
接收: 

时间: 2011-4-18 15:53:25
操作: ReadRecordIndex
结果: 长度错误, 期望 '7', 实际 '0',
发送: 01-03-00-0A-00-01-A4-08
接收: 

时间: 2011-4-18 15:54:25
操作: ReadRecordIndex
结果: 长度错误, 期望 '7', 实际 '0',
发送: 01-03-00-0A-00-01-A4-08
接收: 

时间: 2011-4-18 15:55:25
操作: ReadRecordIndex
结果: 数据错误, 期望 '03', 实际 '33',
发送: 01-03-00-0A-00-01-A4-08
接收: 31-33-39-30-30-30-30-30-30-30-31

时间: 2011-4-18 15:56:25
操作: ReadRecordIndex
结果: 数据错误, 期望 '03', 实际 '33',
发送: 01-03-00-0A-00-01-A4-08
接收: 31-33-39-30-30-30-30-30-30-30-31

时间: 2011-4-18 15:57:25
操作: ReadRecordIndex
结果: 数据错误, 期望 '03', 实际 '33',
发送: 01-03-00-0A-00-01-A4-08
接收: 31-33-39-30-30-30-30-30-30-30-31

时间: 2011-4-18 15:58:25
操作: ReadRecordIndex
结果: 数据错误, 期望 '03', 实际 '33',
发送: 01-03-00-0A-00-01-A4-08
接收: 31-33-39-30-30-30-30-30-30-30-31-01-03-02-01-81-79-B4

时间: 2011-4-18 15:59:25
操作: ReadRecordIndex
结果: 数据错误, 期望 '03', 实际 '33',
发送: 01-03-00-0A-00-01-A4-08
接收: 31-33-39-30-30-30-30-30-30-30-31

时间: 2011-4-18 16:00:25
操作: ReadRecordIndex
结果: 数据错误, 期望 '03', 实际 '33',
发送: 01-03-00-0A-00-01-A4-08
接收: 31-33-39-30-30-30-30-30-30-30-31

时间: 2011-4-18 16:01:25
操作: ReadRecordIndex
结果: 数据错误, 期望 '03', 实际 '33',
发送: 01-03-00-0A-00-01-A4-08
接收: 31-33-39-30-30-30-30-30-30-30-31

时间: 2011-4-18 16:02:25
操作: ReadRecordIndex
结果: 长度错误, 期望 '7', 实际 '0',
发送: 01-03-00-0A-00-01-A4-08
接收: 

时间: 2011-4-18 16:03:25
操作: ReadRecordIndex
结果: 数据错误, 期望 '03', 实际 '33',
发送: 01-03-00-0A-00-01-A4-08
接收: 31-33-39-30-30-30-30-30-30-30-31

时间: 2011-4-18 16:04:25
操作: ReadRecordIndex
结果: 数据错误, 期望 '03', 实际 '33',
发送: 01-03-00-0A-00-01-A4-08
接收: 31-33-39-30-30-30-30-30-30-30-31

时间: 2011-4-18 16:05:25
操作: ReadRecordIndex
结果: 数据错误, 期望 '03', 实际 '33',
发送: 01-03-00-0A-00-01-A4-08
接收: 31-33-39-30-30-30-30-30-30-30-31-01-03-02-01-88-B9-B2

时间: 2011-4-18 16:06:25
操作: ReadRecordIndex
结果: 数据错误, 期望 '03', 实际 '33',
发送: 01-03-00-0A-00-01-A4-08
接收: 31-33-39-30-30-30-30-30-30-30-31-01-03-02-01-89-78-72

时间: 2011-4-18 16:07:25
操作: ReadRecordIndex
结果: 数据错误, 期望 '03', 实际 '33',
发送: 01-03-00-0A-00-01-A4-08
接收: 31-33-39-30-30-30-30-30-30-30-31-01-03-02-01-8A-38-73

时间: 2011-4-18 16:08:25
操作: ReadRecordIndex
结果: 数据错误, 期望 '03', 实际 '33',
发送: 01-03-00-0A-00-01-A4-08
接收: 31-33-39-30-30-30-30-30-30-30-31

时间: 2011-4-18 16:09:25
操作: ReadRecordIndex
结果: 数据错误, 期望 '03', 实际 '33',
发送: 01-03-00-0A-00-01-A4-08
接收: 31-33-39-30-30-30-30-30-30-30-31-01-03-02-01-8C-B8-71

时间: 2011-4-18 16:10:25
操作: ReadRecordIndex
结果: 数据错误, 期望 '03', 实际 '33',
发送: 01-03-00-0A-00-01-A4-08
接收: 31-33-39-30-30-30-30-30-30-30-31

时间: 2011-4-18 16:11:25
操作: ReadRecordIndex
结果: 成功
发送: 01-03-00-0A-00-01-A4-08
接收: 01-03-02-01-8E-39-B0

时间: 2011-4-18 16:11:36
操作: ReadRecord
结果: 长度错误, 期望 '28', 实际 '0',
发送: 01-20-01-78-01-A0
接收: 

时间: 2011-4-18 16:11:46
操作: ReadRecord
结果: 长度错误, 期望 '28', 实际 '0',
发送: 01-20-01-79-C0-60
接收: 

时间: 2011-4-18 16:11:56
操作: ReadRecord
结果: 长度错误, 期望 '28', 实际 '0',
发送: 01-20-01-7A-80-61
接收: 

时间: 2011-4-18 16:12:06
操作: ReadRecord
结果: 长度错误, 期望 '28', 实际 '0',
发送: 01-20-01-7B-41-A1
接收: 

时间: 2011-4-18 16:12:16
操作: ReadRecord
结果: 长度错误, 期望 '28', 实际 '0',
发送: 01-20-01-7C-00-63
接收: 

时间: 2011-4-18 16:12:23
操作: ReadRecord
结果: 长度错误, 期望 '28', 实际 '11',
发送: 01-20-01-7D-C1-A3
接收: 31-33-39-30-30-30-30-30-30-30-31

时间: 2011-4-18 16:12:33
操作: ReadRecordIndex
结果: 成功
发送: 01-03-00-0A-00-01-A4-08
接收: 01-03-02-01-8F-F8-70

时间: 2011-4-18 16:12:43
操作: ReadRecord
结果: 成功
发送: 01-20-01-7E-81-A2
接收: 01-20-1C-01-7E-00-0B-00-04-00-12-00-0F-00-39-00-0F-05-AA-00-00-00-00-00-00-00-00-00-00-00-00-74-A0

时间: 2011-4-18 16:12:53
操作: ReadRecord
结果: 成功
发送: 01-20-01-7F-40-62
接收: 01-20-1C-01-7F-00-0B-00-04-00-12-00-0F-00-3A-00-0F-05-AA-00-00-00-00-00-00-00-00-00-00-00-00-7A-D2

时间: 2011-4-18 16:13:03
操作: ReadRecord
结果: 成功
发送: 01-20-01-80-00-22
接收: 01-20-1C-01-80-00-0B-00-04-00-12-00-0F-00-3B-00-0F-05-AA-00-00-00-00-00-00-00-00-00-00-00-00-28-A9

时间: 2011-4-18 16:13:13
操作: ReadRecord
结果: 成功
发送: 01-20-01-81-C1-E2
接收: 01-20-1C-01-81-00-0B-00-04-00-12-00-10-00-00-00-0F-05-AA-00-00-00-00-00-00-00-00-00-00-00-00-26-C0

时间: 2011-4-18 16:13:23
操作: ReadRecord
结果: 成功
发送: 01-20-01-82-81-E3
接收: 01-20-1C-01-82-00-0B-00-04-00-12-00-10-00-01-00-0F-05-AA-00-00-00-00-00-00-00-00-00-00-00-00-76-97

时间: 2011-4-18 16:13:33
操作: ReadRecord
结果: 成功
发送: 01-20-01-83-40-23
接收: 01-20-1C-01-83-00-0B-00-04-00-12-00-10-00-02-00-0F-05-AA-00-00-00-00-00-00-00-00-00-00-00-00-78-E5

时间: 2011-4-18 16:13:43
操作: ReadRecord
结果: 成功
发送: 01-20-01-84-01-E1
接收: 01-20-1C-01-84-00-0B-00-04-00-12-00-10-00-03-00-0F-05-AA-00-00-00-00-00-00-00-00-00-00-00-00-D6-39

时间: 2011-4-18 16:13:53
操作: ReadRecord
结果: 成功
发送: 01-20-01-85-C0-21
接收: 01-20-1C-01-85-00-0B-00-04-00-12-00-10-00-04-00-0F-05-AA-00-00-00-00-00-00-00-00-00-00-00-00-9A-8A

时间: 2011-4-18 16:14:03
操作: ReadRecord
结果: 成功
发送: 01-20-01-86-80-20
接收: 01-20-1C-01-86-00-0B-00-04-00-12-00-10-00-05-00-0F-05-AA-00-00-00-00-00-00-00-00-00-00-00-00-CA-DD

时间: 2011-4-18 16:14:13
操作: ReadRecord
结果: 成功
发送: 01-20-01-87-41-E0
接收: 01-20-1C-01-87-00-0B-00-04-00-12-00-10-00-06-00-0F-05-AA-00-00-00-00-00-00-00-00-00-00-00-00-C4-AF-01-20-1C-01-87-00-0B-00-04-00-12-00-10-00-06-00-0F-05-AA-00-00-00-00-00-00-00-00-00-00-00-00-C4-AF

